---------- Date: 2014-05-30 07:25:01 ~ IP : 192.168.1.122 ----------
REQUEST URI : /open_cart/vigo/index.php?route=common/home
MOD DETAILS:
   modFile   : C:\wamp\www\open_cart\vigo\vqmod/xml/vigo_language.xml
   id        : mod
   version   : 1.1
   vqmver    : 2.1.7
   author    : OC2PS
VQModObject::parseMods - Could not resolve path for [catalog/language/hungarian/account/wishlist.php] (SKIPPED)
VQModObject::parseMods - Could not resolve path for [catalog/language/hungarian/account/address.php] (SKIPPED)
VQModObject::parseMods - Could not resolve path for [catalog/language/hungarian/account/edit.php] (SKIPPED)
VQModObject::parseMods - Could not resolve path for [catalog/language/hungarian/account/order.php] (SKIPPED)
VQModObject::parseMods - Could not resolve path for [catalog/language/hungarian/account/login.php] (SKIPPED)
VQModObject::parseMods - Could not resolve path for [catalog/language/hungarian/account/register.php] (SKIPPED)
VQModObject::parseMods - Could not resolve path for [catalog/language/hungarian/account/password.php] (SKIPPED)
VQModObject::parseMods - Could not resolve path for [catalog/language/hungarian/account/return.php] (SKIPPED)
VQModObject::parseMods - Could not resolve path for [catalog/language/hungarian/affiliate/payment.php] (SKIPPED)
VQModObject::parseMods - Could not resolve path for [catalog/language/hungarian/affiliate/tracking.php] (SKIPPED)
VQModObject::parseMods - Could not resolve path for [catalog/language/hungarian/affiliate/edit.php] (SKIPPED)
VQModObject::parseMods - Could not resolve path for [catalog/language/hungarian/affiliate/password.php] (SKIPPED)
VQModObject::parseMods - Could not resolve path for [catalog/language/hungarian/affiliate/login.php] (SKIPPED)
VQModObject::parseMods - Could not resolve path for [catalog/language/hungarian/checkout/checkout.php] (SKIPPED)
VQModObject::parseMods - Could not resolve path for [catalog/language/hungarian/hungarian.php] (SKIPPED)
VQModObject::parseMods - Could not resolve path for [catalog/language/hungarian/common/header.php] (SKIPPED)
VQModObject::parseMods - Could not resolve path for [catalog/language/hungarian/common/footer.php] (SKIPPED)
VQModObject::parseMods - Could not resolve path for [catalog/language/hungarian/product/compare.php] (SKIPPED)
VQModObject::parseMods - Could not resolve path for [catalog/language/hungarian/product/manufacturer.php] (SKIPPED)
VQModObject::parseMods - Could not resolve path for [catalog/language/hungarian/product/category.php] (SKIPPED)
VQModObject::parseMods - Could not resolve path for [catalog/language/hungarian/product/search.php] (SKIPPED)
VQModObject::parseMods - Could not resolve path for [catalog/language/hungarian/product/product.php] (SKIPPED)
VQModObject::parseMods - Could not resolve path for [catalog/language/turkish/account/wishlist.php] (SKIPPED)
VQModObject::parseMods - Could not resolve path for [catalog/language/turkish/account/address.php] (SKIPPED)
VQModObject::parseMods - Could not resolve path for [catalog/language/turkish/account/edit.php] (SKIPPED)
VQModObject::parseMods - Could not resolve path for [catalog/language/turkish/account/order.php] (SKIPPED)
VQModObject::parseMods - Could not resolve path for [catalog/language/turkish/account/login.php] (SKIPPED)
VQModObject::parseMods - Could not resolve path for [catalog/language/turkish/account/register.php] (SKIPPED)
VQModObject::parseMods - Could not resolve path for [catalog/language/turkish/account/password.php] (SKIPPED)
VQModObject::parseMods - Could not resolve path for [catalog/language/turkish/account/return.php] (SKIPPED)
VQModObject::parseMods - Could not resolve path for [catalog/language/turkish/affiliate/payment.php] (SKIPPED)
VQModObject::parseMods - Could not resolve path for [catalog/language/turkish/affiliate/tracking.php] (SKIPPED)
VQModObject::parseMods - Could not resolve path for [catalog/language/turkish/affiliate/edit.php] (SKIPPED)
VQModObject::parseMods - Could not resolve path for [catalog/language/turkish/affiliate/password.php] (SKIPPED)
VQModObject::parseMods - Could not resolve path for [catalog/language/turkish/affiliate/login.php] (SKIPPED)
VQModObject::parseMods - Could not resolve path for [catalog/language/turkish/checkout/checkout.php] (SKIPPED)
VQModObject::parseMods - Could not resolve path for [catalog/language/turkish/turkish.php] (SKIPPED)
VQModObject::parseMods - Could not resolve path for [catalog/language/turkish/common/header.php] (SKIPPED)
VQModObject::parseMods - Could not resolve path for [catalog/language/turkish/common/footer.php] (SKIPPED)
VQModObject::parseMods - Could not resolve path for [catalog/language/turkish/product/compare.php] (SKIPPED)
VQModObject::parseMods - Could not resolve path for [catalog/language/turkish/product/manufacturer.php] (SKIPPED)
VQModObject::parseMods - Could not resolve path for [catalog/language/turkish/product/category.php] (SKIPPED)
VQModObject::parseMods - Could not resolve path for [catalog/language/turkish/product/search.php] (SKIPPED)
VQModObject::parseMods - Could not resolve path for [catalog/language/turkish/product/product.php] (SKIPPED)

----------------------------------------------------------------------


---------- Date: 2014-05-30 07:27:00 ~ IP : 192.168.1.122 ----------
REQUEST URI : /open_cart/vigo/index.php?route=common/home
MOD DETAILS:
   modFile   : C:\wamp\www\open_cart\vigo\vqmod/xml/vigo_language.xml
   id        : mod
   version   : 1.1
   vqmver    : 2.1.7
   author    : OC2PS
VQModObject::parseMods - Could not resolve path for [catalog/language/hungarian/account/wishlist.php] (SKIPPED)
VQModObject::parseMods - Could not resolve path for [catalog/language/hungarian/account/address.php] (SKIPPED)
VQModObject::parseMods - Could not resolve path for [catalog/language/hungarian/account/edit.php] (SKIPPED)
VQModObject::parseMods - Could not resolve path for [catalog/language/hungarian/account/order.php] (SKIPPED)
VQModObject::parseMods - Could not resolve path for [catalog/language/hungarian/account/login.php] (SKIPPED)
VQModObject::parseMods - Could not resolve path for [catalog/language/hungarian/account/register.php] (SKIPPED)
VQModObject::parseMods - Could not resolve path for [catalog/language/hungarian/account/password.php] (SKIPPED)
VQModObject::parseMods - Could not resolve path for [catalog/language/hungarian/account/return.php] (SKIPPED)
VQModObject::parseMods - Could not resolve path for [catalog/language/hungarian/affiliate/payment.php] (SKIPPED)
VQModObject::parseMods - Could not resolve path for [catalog/language/hungarian/affiliate/tracking.php] (SKIPPED)
VQModObject::parseMods - Could not resolve path for [catalog/language/hungarian/affiliate/edit.php] (SKIPPED)
VQModObject::parseMods - Could not resolve path for [catalog/language/hungarian/affiliate/password.php] (SKIPPED)
VQModObject::parseMods - Could not resolve path for [catalog/language/hungarian/affiliate/login.php] (SKIPPED)
VQModObject::parseMods - Could not resolve path for [catalog/language/hungarian/checkout/checkout.php] (SKIPPED)
VQModObject::parseMods - Could not resolve path for [catalog/language/hungarian/hungarian.php] (SKIPPED)
VQModObject::parseMods - Could not resolve path for [catalog/language/hungarian/common/header.php] (SKIPPED)
VQModObject::parseMods - Could not resolve path for [catalog/language/hungarian/common/footer.php] (SKIPPED)
VQModObject::parseMods - Could not resolve path for [catalog/language/hungarian/product/compare.php] (SKIPPED)
VQModObject::parseMods - Could not resolve path for [catalog/language/hungarian/product/manufacturer.php] (SKIPPED)
VQModObject::parseMods - Could not resolve path for [catalog/language/hungarian/product/category.php] (SKIPPED)
VQModObject::parseMods - Could not resolve path for [catalog/language/hungarian/product/search.php] (SKIPPED)
VQModObject::parseMods - Could not resolve path for [catalog/language/hungarian/product/product.php] (SKIPPED)
VQModObject::parseMods - Could not resolve path for [catalog/language/turkish/account/wishlist.php] (SKIPPED)
VQModObject::parseMods - Could not resolve path for [catalog/language/turkish/account/address.php] (SKIPPED)
VQModObject::parseMods - Could not resolve path for [catalog/language/turkish/account/edit.php] (SKIPPED)
VQModObject::parseMods - Could not resolve path for [catalog/language/turkish/account/order.php] (SKIPPED)
VQModObject::parseMods - Could not resolve path for [catalog/language/turkish/account/login.php] (SKIPPED)
VQModObject::parseMods - Could not resolve path for [catalog/language/turkish/account/register.php] (SKIPPED)
VQModObject::parseMods - Could not resolve path for [catalog/language/turkish/account/password.php] (SKIPPED)
VQModObject::parseMods - Could not resolve path for [catalog/language/turkish/account/return.php] (SKIPPED)
VQModObject::parseMods - Could not resolve path for [catalog/language/turkish/affiliate/payment.php] (SKIPPED)
VQModObject::parseMods - Could not resolve path for [catalog/language/turkish/affiliate/tracking.php] (SKIPPED)
VQModObject::parseMods - Could not resolve path for [catalog/language/turkish/affiliate/edit.php] (SKIPPED)
VQModObject::parseMods - Could not resolve path for [catalog/language/turkish/affiliate/password.php] (SKIPPED)
VQModObject::parseMods - Could not resolve path for [catalog/language/turkish/affiliate/login.php] (SKIPPED)
VQModObject::parseMods - Could not resolve path for [catalog/language/turkish/checkout/checkout.php] (SKIPPED)
VQModObject::parseMods - Could not resolve path for [catalog/language/turkish/turkish.php] (SKIPPED)
VQModObject::parseMods - Could not resolve path for [catalog/language/turkish/common/header.php] (SKIPPED)
VQModObject::parseMods - Could not resolve path for [catalog/language/turkish/common/footer.php] (SKIPPED)
VQModObject::parseMods - Could not resolve path for [catalog/language/turkish/product/compare.php] (SKIPPED)
VQModObject::parseMods - Could not resolve path for [catalog/language/turkish/product/manufacturer.php] (SKIPPED)
VQModObject::parseMods - Could not resolve path for [catalog/language/turkish/product/category.php] (SKIPPED)
VQModObject::parseMods - Could not resolve path for [catalog/language/turkish/product/search.php] (SKIPPED)
VQModObject::parseMods - Could not resolve path for [catalog/language/turkish/product/product.php] (SKIPPED)

----------------------------------------------------------------------


---------- Date: 2014-05-30 07:27:43 ~ IP : 192.168.1.122 ----------
REQUEST URI : /open_cart/vigo/index.php?route=common/home
MOD DETAILS:
   modFile   : C:\wamp\www\open_cart\vigo\vqmod/xml/vigo_language.xml
   id        : mod
   version   : 1.1
   vqmver    : 2.1.7
   author    : OC2PS
VQModObject::parseMods - Could not resolve path for [catalog/language/hungarian/account/wishlist.php] (SKIPPED)
VQModObject::parseMods - Could not resolve path for [catalog/language/hungarian/account/address.php] (SKIPPED)
VQModObject::parseMods - Could not resolve path for [catalog/language/hungarian/account/edit.php] (SKIPPED)
VQModObject::parseMods - Could not resolve path for [catalog/language/hungarian/account/order.php] (SKIPPED)
VQModObject::parseMods - Could not resolve path for [catalog/language/hungarian/account/login.php] (SKIPPED)
VQModObject::parseMods - Could not resolve path for [catalog/language/hungarian/account/register.php] (SKIPPED)
VQModObject::parseMods - Could not resolve path for [catalog/language/hungarian/account/password.php] (SKIPPED)
VQModObject::parseMods - Could not resolve path for [catalog/language/hungarian/account/return.php] (SKIPPED)
VQModObject::parseMods - Could not resolve path for [catalog/language/hungarian/affiliate/payment.php] (SKIPPED)
VQModObject::parseMods - Could not resolve path for [catalog/language/hungarian/affiliate/tracking.php] (SKIPPED)
VQModObject::parseMods - Could not resolve path for [catalog/language/hungarian/affiliate/edit.php] (SKIPPED)
VQModObject::parseMods - Could not resolve path for [catalog/language/hungarian/affiliate/password.php] (SKIPPED)
VQModObject::parseMods - Could not resolve path for [catalog/language/hungarian/affiliate/login.php] (SKIPPED)
VQModObject::parseMods - Could not resolve path for [catalog/language/hungarian/checkout/checkout.php] (SKIPPED)
VQModObject::parseMods - Could not resolve path for [catalog/language/hungarian/hungarian.php] (SKIPPED)
VQModObject::parseMods - Could not resolve path for [catalog/language/hungarian/common/header.php] (SKIPPED)
VQModObject::parseMods - Could not resolve path for [catalog/language/hungarian/common/footer.php] (SKIPPED)
VQModObject::parseMods - Could not resolve path for [catalog/language/hungarian/product/compare.php] (SKIPPED)
VQModObject::parseMods - Could not resolve path for [catalog/language/hungarian/product/manufacturer.php] (SKIPPED)
VQModObject::parseMods - Could not resolve path for [catalog/language/hungarian/product/category.php] (SKIPPED)
VQModObject::parseMods - Could not resolve path for [catalog/language/hungarian/product/search.php] (SKIPPED)
VQModObject::parseMods - Could not resolve path for [catalog/language/hungarian/product/product.php] (SKIPPED)
VQModObject::parseMods - Could not resolve path for [catalog/language/turkish/account/wishlist.php] (SKIPPED)
VQModObject::parseMods - Could not resolve path for [catalog/language/turkish/account/address.php] (SKIPPED)
VQModObject::parseMods - Could not resolve path for [catalog/language/turkish/account/edit.php] (SKIPPED)
VQModObject::parseMods - Could not resolve path for [catalog/language/turkish/account/order.php] (SKIPPED)
VQModObject::parseMods - Could not resolve path for [catalog/language/turkish/account/login.php] (SKIPPED)
VQModObject::parseMods - Could not resolve path for [catalog/language/turkish/account/register.php] (SKIPPED)
VQModObject::parseMods - Could not resolve path for [catalog/language/turkish/account/password.php] (SKIPPED)
VQModObject::parseMods - Could not resolve path for [catalog/language/turkish/account/return.php] (SKIPPED)
VQModObject::parseMods - Could not resolve path for [catalog/language/turkish/affiliate/payment.php] (SKIPPED)
VQModObject::parseMods - Could not resolve path for [catalog/language/turkish/affiliate/tracking.php] (SKIPPED)
VQModObject::parseMods - Could not resolve path for [catalog/language/turkish/affiliate/edit.php] (SKIPPED)
VQModObject::parseMods - Could not resolve path for [catalog/language/turkish/affiliate/password.php] (SKIPPED)
VQModObject::parseMods - Could not resolve path for [catalog/language/turkish/affiliate/login.php] (SKIPPED)
VQModObject::parseMods - Could not resolve path for [catalog/language/turkish/checkout/checkout.php] (SKIPPED)
VQModObject::parseMods - Could not resolve path for [catalog/language/turkish/turkish.php] (SKIPPED)
VQModObject::parseMods - Could not resolve path for [catalog/language/turkish/common/header.php] (SKIPPED)
VQModObject::parseMods - Could not resolve path for [catalog/language/turkish/common/footer.php] (SKIPPED)
VQModObject::parseMods - Could not resolve path for [catalog/language/turkish/product/compare.php] (SKIPPED)
VQModObject::parseMods - Could not resolve path for [catalog/language/turkish/product/manufacturer.php] (SKIPPED)
VQModObject::parseMods - Could not resolve path for [catalog/language/turkish/product/category.php] (SKIPPED)
VQModObject::parseMods - Could not resolve path for [catalog/language/turkish/product/search.php] (SKIPPED)
VQModObject::parseMods - Could not resolve path for [catalog/language/turkish/product/product.php] (SKIPPED)

----------------------------------------------------------------------


---------- Date: 2014-05-30 07:28:36 ~ IP : 192.168.1.122 ----------
REQUEST URI : /open_cart/vigo/index.php?route=common/home
MOD DETAILS:
   modFile   : C:\wamp\www\open_cart\vigo\vqmod/xml/vigo_language.xml
   id        : mod
   version   : 1.1
   vqmver    : 2.1.7
   author    : OC2PS
VQModObject::parseMods - Could not resolve path for [catalog/language/hungarian/account/wishlist.php] (SKIPPED)
VQModObject::parseMods - Could not resolve path for [catalog/language/hungarian/account/address.php] (SKIPPED)
VQModObject::parseMods - Could not resolve path for [catalog/language/hungarian/account/edit.php] (SKIPPED)
VQModObject::parseMods - Could not resolve path for [catalog/language/hungarian/account/order.php] (SKIPPED)
VQModObject::parseMods - Could not resolve path for [catalog/language/hungarian/account/login.php] (SKIPPED)
VQModObject::parseMods - Could not resolve path for [catalog/language/hungarian/account/register.php] (SKIPPED)
VQModObject::parseMods - Could not resolve path for [catalog/language/hungarian/account/password.php] (SKIPPED)
VQModObject::parseMods - Could not resolve path for [catalog/language/hungarian/account/return.php] (SKIPPED)
VQModObject::parseMods - Could not resolve path for [catalog/language/hungarian/affiliate/payment.php] (SKIPPED)
VQModObject::parseMods - Could not resolve path for [catalog/language/hungarian/affiliate/tracking.php] (SKIPPED)
VQModObject::parseMods - Could not resolve path for [catalog/language/hungarian/affiliate/edit.php] (SKIPPED)
VQModObject::parseMods - Could not resolve path for [catalog/language/hungarian/affiliate/password.php] (SKIPPED)
VQModObject::parseMods - Could not resolve path for [catalog/language/hungarian/affiliate/login.php] (SKIPPED)
VQModObject::parseMods - Could not resolve path for [catalog/language/hungarian/checkout/checkout.php] (SKIPPED)
VQModObject::parseMods - Could not resolve path for [catalog/language/hungarian/hungarian.php] (SKIPPED)
VQModObject::parseMods - Could not resolve path for [catalog/language/hungarian/common/header.php] (SKIPPED)
VQModObject::parseMods - Could not resolve path for [catalog/language/hungarian/common/footer.php] (SKIPPED)
VQModObject::parseMods - Could not resolve path for [catalog/language/hungarian/product/compare.php] (SKIPPED)
VQModObject::parseMods - Could not resolve path for [catalog/language/hungarian/product/manufacturer.php] (SKIPPED)
VQModObject::parseMods - Could not resolve path for [catalog/language/hungarian/product/category.php] (SKIPPED)
VQModObject::parseMods - Could not resolve path for [catalog/language/hungarian/product/search.php] (SKIPPED)
VQModObject::parseMods - Could not resolve path for [catalog/language/hungarian/product/product.php] (SKIPPED)
VQModObject::parseMods - Could not resolve path for [catalog/language/turkish/account/wishlist.php] (SKIPPED)
VQModObject::parseMods - Could not resolve path for [catalog/language/turkish/account/address.php] (SKIPPED)
VQModObject::parseMods - Could not resolve path for [catalog/language/turkish/account/edit.php] (SKIPPED)
VQModObject::parseMods - Could not resolve path for [catalog/language/turkish/account/order.php] (SKIPPED)
VQModObject::parseMods - Could not resolve path for [catalog/language/turkish/account/login.php] (SKIPPED)
VQModObject::parseMods - Could not resolve path for [catalog/language/turkish/account/register.php] (SKIPPED)
VQModObject::parseMods - Could not resolve path for [catalog/language/turkish/account/password.php] (SKIPPED)
VQModObject::parseMods - Could not resolve path for [catalog/language/turkish/account/return.php] (SKIPPED)
VQModObject::parseMods - Could not resolve path for [catalog/language/turkish/affiliate/payment.php] (SKIPPED)
VQModObject::parseMods - Could not resolve path for [catalog/language/turkish/affiliate/tracking.php] (SKIPPED)
VQModObject::parseMods - Could not resolve path for [catalog/language/turkish/affiliate/edit.php] (SKIPPED)
VQModObject::parseMods - Could not resolve path for [catalog/language/turkish/affiliate/password.php] (SKIPPED)
VQModObject::parseMods - Could not resolve path for [catalog/language/turkish/affiliate/login.php] (SKIPPED)
VQModObject::parseMods - Could not resolve path for [catalog/language/turkish/checkout/checkout.php] (SKIPPED)
VQModObject::parseMods - Could not resolve path for [catalog/language/turkish/turkish.php] (SKIPPED)
VQModObject::parseMods - Could not resolve path for [catalog/language/turkish/common/header.php] (SKIPPED)
VQModObject::parseMods - Could not resolve path for [catalog/language/turkish/common/footer.php] (SKIPPED)
VQModObject::parseMods - Could not resolve path for [catalog/language/turkish/product/compare.php] (SKIPPED)
VQModObject::parseMods - Could not resolve path for [catalog/language/turkish/product/manufacturer.php] (SKIPPED)
VQModObject::parseMods - Could not resolve path for [catalog/language/turkish/product/category.php] (SKIPPED)
VQModObject::parseMods - Could not resolve path for [catalog/language/turkish/product/search.php] (SKIPPED)
VQModObject::parseMods - Could not resolve path for [catalog/language/turkish/product/product.php] (SKIPPED)

----------------------------------------------------------------------


---------- Date: 2014-05-30 07:29:10 ~ IP : 192.168.1.122 ----------
REQUEST URI : /open_cart/vigo/index.php?route=common/home
MOD DETAILS:
   modFile   : C:\wamp\www\open_cart\vigo\vqmod/xml/vigo_language.xml
   id        : mod
   version   : 1.1
   vqmver    : 2.1.7
   author    : OC2PS
VQModObject::parseMods - Could not resolve path for [catalog/language/hungarian/account/wishlist.php] (SKIPPED)
VQModObject::parseMods - Could not resolve path for [catalog/language/hungarian/account/address.php] (SKIPPED)
VQModObject::parseMods - Could not resolve path for [catalog/language/hungarian/account/edit.php] (SKIPPED)
VQModObject::parseMods - Could not resolve path for [catalog/language/hungarian/account/order.php] (SKIPPED)
VQModObject::parseMods - Could not resolve path for [catalog/language/hungarian/account/login.php] (SKIPPED)
VQModObject::parseMods - Could not resolve path for [catalog/language/hungarian/account/register.php] (SKIPPED)
VQModObject::parseMods - Could not resolve path for [catalog/language/hungarian/account/password.php] (SKIPPED)
VQModObject::parseMods - Could not resolve path for [catalog/language/hungarian/account/return.php] (SKIPPED)
VQModObject::parseMods - Could not resolve path for [catalog/language/hungarian/affiliate/payment.php] (SKIPPED)
VQModObject::parseMods - Could not resolve path for [catalog/language/hungarian/affiliate/tracking.php] (SKIPPED)
VQModObject::parseMods - Could not resolve path for [catalog/language/hungarian/affiliate/edit.php] (SKIPPED)
VQModObject::parseMods - Could not resolve path for [catalog/language/hungarian/affiliate/password.php] (SKIPPED)
VQModObject::parseMods - Could not resolve path for [catalog/language/hungarian/affiliate/login.php] (SKIPPED)
VQModObject::parseMods - Could not resolve path for [catalog/language/hungarian/checkout/checkout.php] (SKIPPED)
VQModObject::parseMods - Could not resolve path for [catalog/language/hungarian/hungarian.php] (SKIPPED)
VQModObject::parseMods - Could not resolve path for [catalog/language/hungarian/common/header.php] (SKIPPED)
VQModObject::parseMods - Could not resolve path for [catalog/language/hungarian/common/footer.php] (SKIPPED)
VQModObject::parseMods - Could not resolve path for [catalog/language/hungarian/product/compare.php] (SKIPPED)
VQModObject::parseMods - Could not resolve path for [catalog/language/hungarian/product/manufacturer.php] (SKIPPED)
VQModObject::parseMods - Could not resolve path for [catalog/language/hungarian/product/category.php] (SKIPPED)
VQModObject::parseMods - Could not resolve path for [catalog/language/hungarian/product/search.php] (SKIPPED)
VQModObject::parseMods - Could not resolve path for [catalog/language/hungarian/product/product.php] (SKIPPED)
VQModObject::parseMods - Could not resolve path for [catalog/language/turkish/account/wishlist.php] (SKIPPED)
VQModObject::parseMods - Could not resolve path for [catalog/language/turkish/account/address.php] (SKIPPED)
VQModObject::parseMods - Could not resolve path for [catalog/language/turkish/account/edit.php] (SKIPPED)
VQModObject::parseMods - Could not resolve path for [catalog/language/turkish/account/order.php] (SKIPPED)
VQModObject::parseMods - Could not resolve path for [catalog/language/turkish/account/login.php] (SKIPPED)
VQModObject::parseMods - Could not resolve path for [catalog/language/turkish/account/register.php] (SKIPPED)
VQModObject::parseMods - Could not resolve path for [catalog/language/turkish/account/password.php] (SKIPPED)
VQModObject::parseMods - Could not resolve path for [catalog/language/turkish/account/return.php] (SKIPPED)
VQModObject::parseMods - Could not resolve path for [catalog/language/turkish/affiliate/payment.php] (SKIPPED)
VQModObject::parseMods - Could not resolve path for [catalog/language/turkish/affiliate/tracking.php] (SKIPPED)
VQModObject::parseMods - Could not resolve path for [catalog/language/turkish/affiliate/edit.php] (SKIPPED)
VQModObject::parseMods - Could not resolve path for [catalog/language/turkish/affiliate/password.php] (SKIPPED)
VQModObject::parseMods - Could not resolve path for [catalog/language/turkish/affiliate/login.php] (SKIPPED)
VQModObject::parseMods - Could not resolve path for [catalog/language/turkish/checkout/checkout.php] (SKIPPED)
VQModObject::parseMods - Could not resolve path for [catalog/language/turkish/turkish.php] (SKIPPED)
VQModObject::parseMods - Could not resolve path for [catalog/language/turkish/common/header.php] (SKIPPED)
VQModObject::parseMods - Could not resolve path for [catalog/language/turkish/common/footer.php] (SKIPPED)
VQModObject::parseMods - Could not resolve path for [catalog/language/turkish/product/compare.php] (SKIPPED)
VQModObject::parseMods - Could not resolve path for [catalog/language/turkish/product/manufacturer.php] (SKIPPED)
VQModObject::parseMods - Could not resolve path for [catalog/language/turkish/product/category.php] (SKIPPED)
VQModObject::parseMods - Could not resolve path for [catalog/language/turkish/product/search.php] (SKIPPED)
VQModObject::parseMods - Could not resolve path for [catalog/language/turkish/product/product.php] (SKIPPED)

----------------------------------------------------------------------


---------- Date: 2014-05-30 07:29:36 ~ IP : 192.168.1.122 ----------
REQUEST URI : /open_cart/vigo/index.php?route=common/home
MOD DETAILS:
   modFile   : C:\wamp\www\open_cart\vigo\vqmod/xml/vigo_language.xml
   id        : mod
   version   : 1.1
   vqmver    : 2.1.7
   author    : OC2PS
VQModObject::parseMods - Could not resolve path for [catalog/language/hungarian/account/wishlist.php] (SKIPPED)
VQModObject::parseMods - Could not resolve path for [catalog/language/hungarian/account/address.php] (SKIPPED)
VQModObject::parseMods - Could not resolve path for [catalog/language/hungarian/account/edit.php] (SKIPPED)
VQModObject::parseMods - Could not resolve path for [catalog/language/hungarian/account/order.php] (SKIPPED)
VQModObject::parseMods - Could not resolve path for [catalog/language/hungarian/account/login.php] (SKIPPED)
VQModObject::parseMods - Could not resolve path for [catalog/language/hungarian/account/register.php] (SKIPPED)
VQModObject::parseMods - Could not resolve path for [catalog/language/hungarian/account/password.php] (SKIPPED)
VQModObject::parseMods - Could not resolve path for [catalog/language/hungarian/account/return.php] (SKIPPED)
VQModObject::parseMods - Could not resolve path for [catalog/language/hungarian/affiliate/payment.php] (SKIPPED)
VQModObject::parseMods - Could not resolve path for [catalog/language/hungarian/affiliate/tracking.php] (SKIPPED)
VQModObject::parseMods - Could not resolve path for [catalog/language/hungarian/affiliate/edit.php] (SKIPPED)
VQModObject::parseMods - Could not resolve path for [catalog/language/hungarian/affiliate/password.php] (SKIPPED)
VQModObject::parseMods - Could not resolve path for [catalog/language/hungarian/affiliate/login.php] (SKIPPED)
VQModObject::parseMods - Could not resolve path for [catalog/language/hungarian/checkout/checkout.php] (SKIPPED)
VQModObject::parseMods - Could not resolve path for [catalog/language/hungarian/hungarian.php] (SKIPPED)
VQModObject::parseMods - Could not resolve path for [catalog/language/hungarian/common/header.php] (SKIPPED)
VQModObject::parseMods - Could not resolve path for [catalog/language/hungarian/common/footer.php] (SKIPPED)
VQModObject::parseMods - Could not resolve path for [catalog/language/hungarian/product/compare.php] (SKIPPED)
VQModObject::parseMods - Could not resolve path for [catalog/language/hungarian/product/manufacturer.php] (SKIPPED)
VQModObject::parseMods - Could not resolve path for [catalog/language/hungarian/product/category.php] (SKIPPED)
VQModObject::parseMods - Could not resolve path for [catalog/language/hungarian/product/search.php] (SKIPPED)
VQModObject::parseMods - Could not resolve path for [catalog/language/hungarian/product/product.php] (SKIPPED)
VQModObject::parseMods - Could not resolve path for [catalog/language/turkish/account/wishlist.php] (SKIPPED)
VQModObject::parseMods - Could not resolve path for [catalog/language/turkish/account/address.php] (SKIPPED)
VQModObject::parseMods - Could not resolve path for [catalog/language/turkish/account/edit.php] (SKIPPED)
VQModObject::parseMods - Could not resolve path for [catalog/language/turkish/account/order.php] (SKIPPED)
VQModObject::parseMods - Could not resolve path for [catalog/language/turkish/account/login.php] (SKIPPED)
VQModObject::parseMods - Could not resolve path for [catalog/language/turkish/account/register.php] (SKIPPED)
VQModObject::parseMods - Could not resolve path for [catalog/language/turkish/account/password.php] (SKIPPED)
VQModObject::parseMods - Could not resolve path for [catalog/language/turkish/account/return.php] (SKIPPED)
VQModObject::parseMods - Could not resolve path for [catalog/language/turkish/affiliate/payment.php] (SKIPPED)
VQModObject::parseMods - Could not resolve path for [catalog/language/turkish/affiliate/tracking.php] (SKIPPED)
VQModObject::parseMods - Could not resolve path for [catalog/language/turkish/affiliate/edit.php] (SKIPPED)
VQModObject::parseMods - Could not resolve path for [catalog/language/turkish/affiliate/password.php] (SKIPPED)
VQModObject::parseMods - Could not resolve path for [catalog/language/turkish/affiliate/login.php] (SKIPPED)
VQModObject::parseMods - Could not resolve path for [catalog/language/turkish/checkout/checkout.php] (SKIPPED)
VQModObject::parseMods - Could not resolve path for [catalog/language/turkish/turkish.php] (SKIPPED)
VQModObject::parseMods - Could not resolve path for [catalog/language/turkish/common/header.php] (SKIPPED)
VQModObject::parseMods - Could not resolve path for [catalog/language/turkish/common/footer.php] (SKIPPED)
VQModObject::parseMods - Could not resolve path for [catalog/language/turkish/product/compare.php] (SKIPPED)
VQModObject::parseMods - Could not resolve path for [catalog/language/turkish/product/manufacturer.php] (SKIPPED)
VQModObject::parseMods - Could not resolve path for [catalog/language/turkish/product/category.php] (SKIPPED)
VQModObject::parseMods - Could not resolve path for [catalog/language/turkish/product/search.php] (SKIPPED)
VQModObject::parseMods - Could not resolve path for [catalog/language/turkish/product/product.php] (SKIPPED)

----------------------------------------------------------------------


---------- Date: 2014-05-30 09:28:32 ~ IP : 192.168.1.122 ----------
REQUEST URI : /open_cart/vigo/admin/index.php?route=custom/vigo_configuration&amp;token=95b338427eb8a99ec478651c4763bd3b
MOD DETAILS:
   modFile   : C:\wamp\www\open_cart\vigo\vqmod/xml/vigo_language.xml
   id        : mod
   version   : 1.1
   vqmver    : 2.1.7
   author    : OC2PS
VQModObject::parseMods - Could not resolve path for [catalog/language/hungarian/account/wishlist.php] (SKIPPED)
VQModObject::parseMods - Could not resolve path for [catalog/language/hungarian/account/address.php] (SKIPPED)
VQModObject::parseMods - Could not resolve path for [catalog/language/hungarian/account/edit.php] (SKIPPED)
VQModObject::parseMods - Could not resolve path for [catalog/language/hungarian/account/order.php] (SKIPPED)
VQModObject::parseMods - Could not resolve path for [catalog/language/hungarian/account/login.php] (SKIPPED)
VQModObject::parseMods - Could not resolve path for [catalog/language/hungarian/account/register.php] (SKIPPED)
VQModObject::parseMods - Could not resolve path for [catalog/language/hungarian/account/password.php] (SKIPPED)
VQModObject::parseMods - Could not resolve path for [catalog/language/hungarian/account/return.php] (SKIPPED)
VQModObject::parseMods - Could not resolve path for [catalog/language/hungarian/affiliate/payment.php] (SKIPPED)
VQModObject::parseMods - Could not resolve path for [catalog/language/hungarian/affiliate/tracking.php] (SKIPPED)
VQModObject::parseMods - Could not resolve path for [catalog/language/hungarian/affiliate/edit.php] (SKIPPED)
VQModObject::parseMods - Could not resolve path for [catalog/language/hungarian/affiliate/password.php] (SKIPPED)
VQModObject::parseMods - Could not resolve path for [catalog/language/hungarian/affiliate/login.php] (SKIPPED)
VQModObject::parseMods - Could not resolve path for [catalog/language/hungarian/checkout/checkout.php] (SKIPPED)
VQModObject::parseMods - Could not resolve path for [catalog/language/hungarian/hungarian.php] (SKIPPED)
VQModObject::parseMods - Could not resolve path for [catalog/language/hungarian/common/header.php] (SKIPPED)
VQModObject::parseMods - Could not resolve path for [catalog/language/hungarian/common/footer.php] (SKIPPED)
VQModObject::parseMods - Could not resolve path for [catalog/language/hungarian/product/compare.php] (SKIPPED)
VQModObject::parseMods - Could not resolve path for [catalog/language/hungarian/product/manufacturer.php] (SKIPPED)
VQModObject::parseMods - Could not resolve path for [catalog/language/hungarian/product/category.php] (SKIPPED)
VQModObject::parseMods - Could not resolve path for [catalog/language/hungarian/product/search.php] (SKIPPED)
VQModObject::parseMods - Could not resolve path for [catalog/language/hungarian/product/product.php] (SKIPPED)
VQModObject::parseMods - Could not resolve path for [catalog/language/turkish/account/wishlist.php] (SKIPPED)
VQModObject::parseMods - Could not resolve path for [catalog/language/turkish/account/address.php] (SKIPPED)
VQModObject::parseMods - Could not resolve path for [catalog/language/turkish/account/edit.php] (SKIPPED)
VQModObject::parseMods - Could not resolve path for [catalog/language/turkish/account/order.php] (SKIPPED)
VQModObject::parseMods - Could not resolve path for [catalog/language/turkish/account/login.php] (SKIPPED)
VQModObject::parseMods - Could not resolve path for [catalog/language/turkish/account/register.php] (SKIPPED)
VQModObject::parseMods - Could not resolve path for [catalog/language/turkish/account/password.php] (SKIPPED)
VQModObject::parseMods - Could not resolve path for [catalog/language/turkish/account/return.php] (SKIPPED)
VQModObject::parseMods - Could not resolve path for [catalog/language/turkish/affiliate/payment.php] (SKIPPED)
VQModObject::parseMods - Could not resolve path for [catalog/language/turkish/affiliate/tracking.php] (SKIPPED)
VQModObject::parseMods - Could not resolve path for [catalog/language/turkish/affiliate/edit.php] (SKIPPED)
VQModObject::parseMods - Could not resolve path for [catalog/language/turkish/affiliate/password.php] (SKIPPED)
VQModObject::parseMods - Could not resolve path for [catalog/language/turkish/affiliate/login.php] (SKIPPED)
VQModObject::parseMods - Could not resolve path for [catalog/language/turkish/checkout/checkout.php] (SKIPPED)
VQModObject::parseMods - Could not resolve path for [catalog/language/turkish/turkish.php] (SKIPPED)
VQModObject::parseMods - Could not resolve path for [catalog/language/turkish/common/header.php] (SKIPPED)
VQModObject::parseMods - Could not resolve path for [catalog/language/turkish/common/footer.php] (SKIPPED)
VQModObject::parseMods - Could not resolve path for [catalog/language/turkish/product/compare.php] (SKIPPED)
VQModObject::parseMods - Could not resolve path for [catalog/language/turkish/product/manufacturer.php] (SKIPPED)
VQModObject::parseMods - Could not resolve path for [catalog/language/turkish/product/category.php] (SKIPPED)
VQModObject::parseMods - Could not resolve path for [catalog/language/turkish/product/search.php] (SKIPPED)
VQModObject::parseMods - Could not resolve path for [catalog/language/turkish/product/product.php] (SKIPPED)

----------------------------------------------------------------------


---------- Date: 2014-05-30 09:28:33 ~ IP : 192.168.1.122 ----------
REQUEST URI : /open_cart/vigo/admin/index.php?route=custom/vigo_configuration&amp;token=95b338427eb8a99ec478651c4763bd3b
MOD DETAILS:
   modFile   : C:\wamp\www\open_cart\vigo\vqmod/xml/vigo_language.xml
   id        : mod
   version   : 1.1
   vqmver    : 2.1.7
   author    : OC2PS
VQModObject::parseMods - Could not resolve path for [catalog/language/hungarian/account/wishlist.php] (SKIPPED)
VQModObject::parseMods - Could not resolve path for [catalog/language/hungarian/account/address.php] (SKIPPED)
VQModObject::parseMods - Could not resolve path for [catalog/language/hungarian/account/edit.php] (SKIPPED)
VQModObject::parseMods - Could not resolve path for [catalog/language/hungarian/account/order.php] (SKIPPED)
VQModObject::parseMods - Could not resolve path for [catalog/language/hungarian/account/login.php] (SKIPPED)
VQModObject::parseMods - Could not resolve path for [catalog/language/hungarian/account/register.php] (SKIPPED)
VQModObject::parseMods - Could not resolve path for [catalog/language/hungarian/account/password.php] (SKIPPED)
VQModObject::parseMods - Could not resolve path for [catalog/language/hungarian/account/return.php] (SKIPPED)
VQModObject::parseMods - Could not resolve path for [catalog/language/hungarian/affiliate/payment.php] (SKIPPED)
VQModObject::parseMods - Could not resolve path for [catalog/language/hungarian/affiliate/tracking.php] (SKIPPED)
VQModObject::parseMods - Could not resolve path for [catalog/language/hungarian/affiliate/edit.php] (SKIPPED)
VQModObject::parseMods - Could not resolve path for [catalog/language/hungarian/affiliate/password.php] (SKIPPED)
VQModObject::parseMods - Could not resolve path for [catalog/language/hungarian/affiliate/login.php] (SKIPPED)
VQModObject::parseMods - Could not resolve path for [catalog/language/hungarian/checkout/checkout.php] (SKIPPED)
VQModObject::parseMods - Could not resolve path for [catalog/language/hungarian/hungarian.php] (SKIPPED)
VQModObject::parseMods - Could not resolve path for [catalog/language/hungarian/common/header.php] (SKIPPED)
VQModObject::parseMods - Could not resolve path for [catalog/language/hungarian/common/footer.php] (SKIPPED)
VQModObject::parseMods - Could not resolve path for [catalog/language/hungarian/product/compare.php] (SKIPPED)
VQModObject::parseMods - Could not resolve path for [catalog/language/hungarian/product/manufacturer.php] (SKIPPED)
VQModObject::parseMods - Could not resolve path for [catalog/language/hungarian/product/category.php] (SKIPPED)
VQModObject::parseMods - Could not resolve path for [catalog/language/hungarian/product/search.php] (SKIPPED)
VQModObject::parseMods - Could not resolve path for [catalog/language/hungarian/product/product.php] (SKIPPED)
VQModObject::parseMods - Could not resolve path for [catalog/language/turkish/account/wishlist.php] (SKIPPED)
VQModObject::parseMods - Could not resolve path for [catalog/language/turkish/account/address.php] (SKIPPED)
VQModObject::parseMods - Could not resolve path for [catalog/language/turkish/account/edit.php] (SKIPPED)
VQModObject::parseMods - Could not resolve path for [catalog/language/turkish/account/order.php] (SKIPPED)
VQModObject::parseMods - Could not resolve path for [catalog/language/turkish/account/login.php] (SKIPPED)
VQModObject::parseMods - Could not resolve path for [catalog/language/turkish/account/register.php] (SKIPPED)
VQModObject::parseMods - Could not resolve path for [catalog/language/turkish/account/password.php] (SKIPPED)
VQModObject::parseMods - Could not resolve path for [catalog/language/turkish/account/return.php] (SKIPPED)
VQModObject::parseMods - Could not resolve path for [catalog/language/turkish/affiliate/payment.php] (SKIPPED)
VQModObject::parseMods - Could not resolve path for [catalog/language/turkish/affiliate/tracking.php] (SKIPPED)
VQModObject::parseMods - Could not resolve path for [catalog/language/turkish/affiliate/edit.php] (SKIPPED)
VQModObject::parseMods - Could not resolve path for [catalog/language/turkish/affiliate/password.php] (SKIPPED)
VQModObject::parseMods - Could not resolve path for [catalog/language/turkish/affiliate/login.php] (SKIPPED)
VQModObject::parseMods - Could not resolve path for [catalog/language/turkish/checkout/checkout.php] (SKIPPED)
VQModObject::parseMods - Could not resolve path for [catalog/language/turkish/turkish.php] (SKIPPED)
VQModObject::parseMods - Could not resolve path for [catalog/language/turkish/common/header.php] (SKIPPED)
VQModObject::parseMods - Could not resolve path for [catalog/language/turkish/common/footer.php] (SKIPPED)
VQModObject::parseMods - Could not resolve path for [catalog/language/turkish/product/compare.php] (SKIPPED)
VQModObject::parseMods - Could not resolve path for [catalog/language/turkish/product/manufacturer.php] (SKIPPED)
VQModObject::parseMods - Could not resolve path for [catalog/language/turkish/product/category.php] (SKIPPED)
VQModObject::parseMods - Could not resolve path for [catalog/language/turkish/product/search.php] (SKIPPED)
VQModObject::parseMods - Could not resolve path for [catalog/language/turkish/product/product.php] (SKIPPED)

----------------------------------------------------------------------


---------- Date: 2014-05-30 09:33:44 ~ IP : 192.168.1.122 ----------
REQUEST URI : /open_cart/vigo/admin/index.php?route=custom/vigo_configuration&amp;token=95b338427eb8a99ec478651c4763bd3b
MOD DETAILS:
   modFile   : C:\wamp\www\open_cart\vigo\vqmod/xml/vigo_language.xml
   id        : mod
   version   : 1.1
   vqmver    : 2.1.7
   author    : OC2PS
VQModObject::parseMods - Could not resolve path for [catalog/language/hungarian/account/wishlist.php] (SKIPPED)
VQModObject::parseMods - Could not resolve path for [catalog/language/hungarian/account/address.php] (SKIPPED)
VQModObject::parseMods - Could not resolve path for [catalog/language/hungarian/account/edit.php] (SKIPPED)
VQModObject::parseMods - Could not resolve path for [catalog/language/hungarian/account/order.php] (SKIPPED)
VQModObject::parseMods - Could not resolve path for [catalog/language/hungarian/account/login.php] (SKIPPED)
VQModObject::parseMods - Could not resolve path for [catalog/language/hungarian/account/register.php] (SKIPPED)
VQModObject::parseMods - Could not resolve path for [catalog/language/hungarian/account/password.php] (SKIPPED)
VQModObject::parseMods - Could not resolve path for [catalog/language/hungarian/account/return.php] (SKIPPED)
VQModObject::parseMods - Could not resolve path for [catalog/language/hungarian/affiliate/payment.php] (SKIPPED)
VQModObject::parseMods - Could not resolve path for [catalog/language/hungarian/affiliate/tracking.php] (SKIPPED)
VQModObject::parseMods - Could not resolve path for [catalog/language/hungarian/affiliate/edit.php] (SKIPPED)
VQModObject::parseMods - Could not resolve path for [catalog/language/hungarian/affiliate/password.php] (SKIPPED)
VQModObject::parseMods - Could not resolve path for [catalog/language/hungarian/affiliate/login.php] (SKIPPED)
VQModObject::parseMods - Could not resolve path for [catalog/language/hungarian/checkout/checkout.php] (SKIPPED)
VQModObject::parseMods - Could not resolve path for [catalog/language/hungarian/hungarian.php] (SKIPPED)
VQModObject::parseMods - Could not resolve path for [catalog/language/hungarian/common/header.php] (SKIPPED)
VQModObject::parseMods - Could not resolve path for [catalog/language/hungarian/common/footer.php] (SKIPPED)
VQModObject::parseMods - Could not resolve path for [catalog/language/hungarian/product/compare.php] (SKIPPED)
VQModObject::parseMods - Could not resolve path for [catalog/language/hungarian/product/manufacturer.php] (SKIPPED)
VQModObject::parseMods - Could not resolve path for [catalog/language/hungarian/product/category.php] (SKIPPED)
VQModObject::parseMods - Could not resolve path for [catalog/language/hungarian/product/search.php] (SKIPPED)
VQModObject::parseMods - Could not resolve path for [catalog/language/hungarian/product/product.php] (SKIPPED)
VQModObject::parseMods - Could not resolve path for [catalog/language/turkish/account/wishlist.php] (SKIPPED)
VQModObject::parseMods - Could not resolve path for [catalog/language/turkish/account/address.php] (SKIPPED)
VQModObject::parseMods - Could not resolve path for [catalog/language/turkish/account/edit.php] (SKIPPED)
VQModObject::parseMods - Could not resolve path for [catalog/language/turkish/account/order.php] (SKIPPED)
VQModObject::parseMods - Could not resolve path for [catalog/language/turkish/account/login.php] (SKIPPED)
VQModObject::parseMods - Could not resolve path for [catalog/language/turkish/account/register.php] (SKIPPED)
VQModObject::parseMods - Could not resolve path for [catalog/language/turkish/account/password.php] (SKIPPED)
VQModObject::parseMods - Could not resolve path for [catalog/language/turkish/account/return.php] (SKIPPED)
VQModObject::parseMods - Could not resolve path for [catalog/language/turkish/affiliate/payment.php] (SKIPPED)
VQModObject::parseMods - Could not resolve path for [catalog/language/turkish/affiliate/tracking.php] (SKIPPED)
VQModObject::parseMods - Could not resolve path for [catalog/language/turkish/affiliate/edit.php] (SKIPPED)
VQModObject::parseMods - Could not resolve path for [catalog/language/turkish/affiliate/password.php] (SKIPPED)
VQModObject::parseMods - Could not resolve path for [catalog/language/turkish/affiliate/login.php] (SKIPPED)
VQModObject::parseMods - Could not resolve path for [catalog/language/turkish/checkout/checkout.php] (SKIPPED)
VQModObject::parseMods - Could not resolve path for [catalog/language/turkish/turkish.php] (SKIPPED)
VQModObject::parseMods - Could not resolve path for [catalog/language/turkish/common/header.php] (SKIPPED)
VQModObject::parseMods - Could not resolve path for [catalog/language/turkish/common/footer.php] (SKIPPED)
VQModObject::parseMods - Could not resolve path for [catalog/language/turkish/product/compare.php] (SKIPPED)
VQModObject::parseMods - Could not resolve path for [catalog/language/turkish/product/manufacturer.php] (SKIPPED)
VQModObject::parseMods - Could not resolve path for [catalog/language/turkish/product/category.php] (SKIPPED)
VQModObject::parseMods - Could not resolve path for [catalog/language/turkish/product/search.php] (SKIPPED)
VQModObject::parseMods - Could not resolve path for [catalog/language/turkish/product/product.php] (SKIPPED)

----------------------------------------------------------------------


---------- Date: 2014-05-30 11:40:41 ~ IP : 192.168.1.122 ----------
REQUEST URI : /open_cart/vigo/index.php?route=common/home
MOD DETAILS:
   modFile   : C:\wamp\www\open_cart\vigo\vqmod/xml/vigo_language.xml
   id        : mod
   version   : 1.1
   vqmver    : 2.1.7
   author    : OC2PS
VQModObject::parseMods - Could not resolve path for [catalog/language/hungarian/account/wishlist.php] (SKIPPED)
VQModObject::parseMods - Could not resolve path for [catalog/language/hungarian/account/address.php] (SKIPPED)
VQModObject::parseMods - Could not resolve path for [catalog/language/hungarian/account/edit.php] (SKIPPED)
VQModObject::parseMods - Could not resolve path for [catalog/language/hungarian/account/order.php] (SKIPPED)
VQModObject::parseMods - Could not resolve path for [catalog/language/hungarian/account/login.php] (SKIPPED)
VQModObject::parseMods - Could not resolve path for [catalog/language/hungarian/account/register.php] (SKIPPED)
VQModObject::parseMods - Could not resolve path for [catalog/language/hungarian/account/password.php] (SKIPPED)
VQModObject::parseMods - Could not resolve path for [catalog/language/hungarian/account/return.php] (SKIPPED)
VQModObject::parseMods - Could not resolve path for [catalog/language/hungarian/affiliate/payment.php] (SKIPPED)
VQModObject::parseMods - Could not resolve path for [catalog/language/hungarian/affiliate/tracking.php] (SKIPPED)
VQModObject::parseMods - Could not resolve path for [catalog/language/hungarian/affiliate/edit.php] (SKIPPED)
VQModObject::parseMods - Could not resolve path for [catalog/language/hungarian/affiliate/password.php] (SKIPPED)
VQModObject::parseMods - Could not resolve path for [catalog/language/hungarian/affiliate/login.php] (SKIPPED)
VQModObject::parseMods - Could not resolve path for [catalog/language/hungarian/checkout/checkout.php] (SKIPPED)
VQModObject::parseMods - Could not resolve path for [catalog/language/hungarian/hungarian.php] (SKIPPED)
VQModObject::parseMods - Could not resolve path for [catalog/language/hungarian/common/header.php] (SKIPPED)
VQModObject::parseMods - Could not resolve path for [catalog/language/hungarian/common/footer.php] (SKIPPED)
VQModObject::parseMods - Could not resolve path for [catalog/language/hungarian/product/compare.php] (SKIPPED)
VQModObject::parseMods - Could not resolve path for [catalog/language/hungarian/product/manufacturer.php] (SKIPPED)
VQModObject::parseMods - Could not resolve path for [catalog/language/hungarian/product/category.php] (SKIPPED)
VQModObject::parseMods - Could not resolve path for [catalog/language/hungarian/product/search.php] (SKIPPED)
VQModObject::parseMods - Could not resolve path for [catalog/language/hungarian/product/product.php] (SKIPPED)
VQModObject::parseMods - Could not resolve path for [catalog/language/turkish/account/wishlist.php] (SKIPPED)
VQModObject::parseMods - Could not resolve path for [catalog/language/turkish/account/address.php] (SKIPPED)
VQModObject::parseMods - Could not resolve path for [catalog/language/turkish/account/edit.php] (SKIPPED)
VQModObject::parseMods - Could not resolve path for [catalog/language/turkish/account/order.php] (SKIPPED)
VQModObject::parseMods - Could not resolve path for [catalog/language/turkish/account/login.php] (SKIPPED)
VQModObject::parseMods - Could not resolve path for [catalog/language/turkish/account/register.php] (SKIPPED)
VQModObject::parseMods - Could not resolve path for [catalog/language/turkish/account/password.php] (SKIPPED)
VQModObject::parseMods - Could not resolve path for [catalog/language/turkish/account/return.php] (SKIPPED)
VQModObject::parseMods - Could not resolve path for [catalog/language/turkish/affiliate/payment.php] (SKIPPED)
VQModObject::parseMods - Could not resolve path for [catalog/language/turkish/affiliate/tracking.php] (SKIPPED)
VQModObject::parseMods - Could not resolve path for [catalog/language/turkish/affiliate/edit.php] (SKIPPED)
VQModObject::parseMods - Could not resolve path for [catalog/language/turkish/affiliate/password.php] (SKIPPED)
VQModObject::parseMods - Could not resolve path for [catalog/language/turkish/affiliate/login.php] (SKIPPED)
VQModObject::parseMods - Could not resolve path for [catalog/language/turkish/checkout/checkout.php] (SKIPPED)
VQModObject::parseMods - Could not resolve path for [catalog/language/turkish/turkish.php] (SKIPPED)
VQModObject::parseMods - Could not resolve path for [catalog/language/turkish/common/header.php] (SKIPPED)
VQModObject::parseMods - Could not resolve path for [catalog/language/turkish/common/footer.php] (SKIPPED)
VQModObject::parseMods - Could not resolve path for [catalog/language/turkish/product/compare.php] (SKIPPED)
VQModObject::parseMods - Could not resolve path for [catalog/language/turkish/product/manufacturer.php] (SKIPPED)
VQModObject::parseMods - Could not resolve path for [catalog/language/turkish/product/category.php] (SKIPPED)
VQModObject::parseMods - Could not resolve path for [catalog/language/turkish/product/search.php] (SKIPPED)
VQModObject::parseMods - Could not resolve path for [catalog/language/turkish/product/product.php] (SKIPPED)

----------------------------------------------------------------------


