---------- Date: 2014-06-07 09:00:44 ~ IP : 192.168.1.109 ----------
REQUEST URI : /open_cart/vigo/admin/index.php?route=setting/setting&amp;token=2f88db88afcb767a475fc26f63110981
MOD DETAILS:
   modFile   : C:\wamp\www\open_cart\vigo\vqmod/xml/vigo_language.xml
   id        : mod
   version   : 1.1
   vqmver    : 2.1.7
   author    : OC2PS
VQModObject::parseMods - Could not resolve path for [catalog/language/hungarian/account/wishlist.php] (SKIPPED)
VQModObject::parseMods - Could not resolve path for [catalog/language/hungarian/account/address.php] (SKIPPED)
VQModObject::parseMods - Could not resolve path for [catalog/language/hungarian/account/edit.php] (SKIPPED)
VQModObject::parseMods - Could not resolve path for [catalog/language/hungarian/account/order.php] (SKIPPED)
VQModObject::parseMods - Could not resolve path for [catalog/language/hungarian/account/login.php] (SKIPPED)
VQModObject::parseMods - Could not resolve path for [catalog/language/hungarian/account/register.php] (SKIPPED)
VQModObject::parseMods - Could not resolve path for [catalog/language/hungarian/account/password.php] (SKIPPED)
VQModObject::parseMods - Could not resolve path for [catalog/language/hungarian/account/return.php] (SKIPPED)
VQModObject::parseMods - Could not resolve path for [catalog/language/hungarian/affiliate/payment.php] (SKIPPED)
VQModObject::parseMods - Could not resolve path for [catalog/language/hungarian/affiliate/tracking.php] (SKIPPED)
VQModObject::parseMods - Could not resolve path for [catalog/language/hungarian/affiliate/edit.php] (SKIPPED)
VQModObject::parseMods - Could not resolve path for [catalog/language/hungarian/affiliate/password.php] (SKIPPED)
VQModObject::parseMods - Could not resolve path for [catalog/language/hungarian/affiliate/login.php] (SKIPPED)
VQModObject::parseMods - Could not resolve path for [catalog/language/hungarian/checkout/checkout.php] (SKIPPED)
VQModObject::parseMods - Could not resolve path for [catalog/language/hungarian/hungarian.php] (SKIPPED)
VQModObject::parseMods - Could not resolve path for [catalog/language/hungarian/common/header.php] (SKIPPED)
VQModObject::parseMods - Could not resolve path for [catalog/language/hungarian/common/footer.php] (SKIPPED)
VQModObject::parseMods - Could not resolve path for [catalog/language/hungarian/product/compare.php] (SKIPPED)
VQModObject::parseMods - Could not resolve path for [catalog/language/hungarian/product/manufacturer.php] (SKIPPED)
VQModObject::parseMods - Could not resolve path for [catalog/language/hungarian/product/category.php] (SKIPPED)
VQModObject::parseMods - Could not resolve path for [catalog/language/hungarian/product/search.php] (SKIPPED)
VQModObject::parseMods - Could not resolve path for [catalog/language/hungarian/product/product.php] (SKIPPED)
VQModObject::parseMods - Could not resolve path for [catalog/language/turkish/account/wishlist.php] (SKIPPED)
VQModObject::parseMods - Could not resolve path for [catalog/language/turkish/account/address.php] (SKIPPED)
VQModObject::parseMods - Could not resolve path for [catalog/language/turkish/account/edit.php] (SKIPPED)
VQModObject::parseMods - Could not resolve path for [catalog/language/turkish/account/order.php] (SKIPPED)
VQModObject::parseMods - Could not resolve path for [catalog/language/turkish/account/login.php] (SKIPPED)
VQModObject::parseMods - Could not resolve path for [catalog/language/turkish/account/register.php] (SKIPPED)
VQModObject::parseMods - Could not resolve path for [catalog/language/turkish/account/password.php] (SKIPPED)
VQModObject::parseMods - Could not resolve path for [catalog/language/turkish/account/return.php] (SKIPPED)
VQModObject::parseMods - Could not resolve path for [catalog/language/turkish/affiliate/payment.php] (SKIPPED)
VQModObject::parseMods - Could not resolve path for [catalog/language/turkish/affiliate/tracking.php] (SKIPPED)
VQModObject::parseMods - Could not resolve path for [catalog/language/turkish/affiliate/edit.php] (SKIPPED)
VQModObject::parseMods - Could not resolve path for [catalog/language/turkish/affiliate/password.php] (SKIPPED)
VQModObject::parseMods - Could not resolve path for [catalog/language/turkish/affiliate/login.php] (SKIPPED)
VQModObject::parseMods - Could not resolve path for [catalog/language/turkish/checkout/checkout.php] (SKIPPED)
VQModObject::parseMods - Could not resolve path for [catalog/language/turkish/turkish.php] (SKIPPED)
VQModObject::parseMods - Could not resolve path for [catalog/language/turkish/common/header.php] (SKIPPED)
VQModObject::parseMods - Could not resolve path for [catalog/language/turkish/common/footer.php] (SKIPPED)
VQModObject::parseMods - Could not resolve path for [catalog/language/turkish/product/compare.php] (SKIPPED)
VQModObject::parseMods - Could not resolve path for [catalog/language/turkish/product/manufacturer.php] (SKIPPED)
VQModObject::parseMods - Could not resolve path for [catalog/language/turkish/product/category.php] (SKIPPED)
VQModObject::parseMods - Could not resolve path for [catalog/language/turkish/product/search.php] (SKIPPED)
VQModObject::parseMods - Could not resolve path for [catalog/language/turkish/product/product.php] (SKIPPED)

----------------------------------------------------------------------


---------- Date: 2014-06-07 09:07:31 ~ IP : 192.168.1.109 ----------
REQUEST URI : /open_cart/vigo/admin/index.php?route=setting/store&amp;token=2f88db88afcb767a475fc26f63110981
MOD DETAILS:
   modFile   : C:\wamp\www\open_cart\vigo\vqmod/xml/vigo_language.xml
   id        : mod
   version   : 1.1
   vqmver    : 2.1.7
   author    : OC2PS
VQModObject::parseMods - Could not resolve path for [catalog/language/hungarian/account/wishlist.php] (SKIPPED)
VQModObject::parseMods - Could not resolve path for [catalog/language/hungarian/account/address.php] (SKIPPED)
VQModObject::parseMods - Could not resolve path for [catalog/language/hungarian/account/edit.php] (SKIPPED)
VQModObject::parseMods - Could not resolve path for [catalog/language/hungarian/account/order.php] (SKIPPED)
VQModObject::parseMods - Could not resolve path for [catalog/language/hungarian/account/login.php] (SKIPPED)
VQModObject::parseMods - Could not resolve path for [catalog/language/hungarian/account/register.php] (SKIPPED)
VQModObject::parseMods - Could not resolve path for [catalog/language/hungarian/account/password.php] (SKIPPED)
VQModObject::parseMods - Could not resolve path for [catalog/language/hungarian/account/return.php] (SKIPPED)
VQModObject::parseMods - Could not resolve path for [catalog/language/hungarian/affiliate/payment.php] (SKIPPED)
VQModObject::parseMods - Could not resolve path for [catalog/language/hungarian/affiliate/tracking.php] (SKIPPED)
VQModObject::parseMods - Could not resolve path for [catalog/language/hungarian/affiliate/edit.php] (SKIPPED)
VQModObject::parseMods - Could not resolve path for [catalog/language/hungarian/affiliate/password.php] (SKIPPED)
VQModObject::parseMods - Could not resolve path for [catalog/language/hungarian/affiliate/login.php] (SKIPPED)
VQModObject::parseMods - Could not resolve path for [catalog/language/hungarian/checkout/checkout.php] (SKIPPED)
VQModObject::parseMods - Could not resolve path for [catalog/language/hungarian/hungarian.php] (SKIPPED)
VQModObject::parseMods - Could not resolve path for [catalog/language/hungarian/common/header.php] (SKIPPED)
VQModObject::parseMods - Could not resolve path for [catalog/language/hungarian/common/footer.php] (SKIPPED)
VQModObject::parseMods - Could not resolve path for [catalog/language/hungarian/product/compare.php] (SKIPPED)
VQModObject::parseMods - Could not resolve path for [catalog/language/hungarian/product/manufacturer.php] (SKIPPED)
VQModObject::parseMods - Could not resolve path for [catalog/language/hungarian/product/category.php] (SKIPPED)
VQModObject::parseMods - Could not resolve path for [catalog/language/hungarian/product/search.php] (SKIPPED)
VQModObject::parseMods - Could not resolve path for [catalog/language/hungarian/product/product.php] (SKIPPED)
VQModObject::parseMods - Could not resolve path for [catalog/language/turkish/account/wishlist.php] (SKIPPED)
VQModObject::parseMods - Could not resolve path for [catalog/language/turkish/account/address.php] (SKIPPED)
VQModObject::parseMods - Could not resolve path for [catalog/language/turkish/account/edit.php] (SKIPPED)
VQModObject::parseMods - Could not resolve path for [catalog/language/turkish/account/order.php] (SKIPPED)
VQModObject::parseMods - Could not resolve path for [catalog/language/turkish/account/login.php] (SKIPPED)
VQModObject::parseMods - Could not resolve path for [catalog/language/turkish/account/register.php] (SKIPPED)
VQModObject::parseMods - Could not resolve path for [catalog/language/turkish/account/password.php] (SKIPPED)
VQModObject::parseMods - Could not resolve path for [catalog/language/turkish/account/return.php] (SKIPPED)
VQModObject::parseMods - Could not resolve path for [catalog/language/turkish/affiliate/payment.php] (SKIPPED)
VQModObject::parseMods - Could not resolve path for [catalog/language/turkish/affiliate/tracking.php] (SKIPPED)
VQModObject::parseMods - Could not resolve path for [catalog/language/turkish/affiliate/edit.php] (SKIPPED)
VQModObject::parseMods - Could not resolve path for [catalog/language/turkish/affiliate/password.php] (SKIPPED)
VQModObject::parseMods - Could not resolve path for [catalog/language/turkish/affiliate/login.php] (SKIPPED)
VQModObject::parseMods - Could not resolve path for [catalog/language/turkish/checkout/checkout.php] (SKIPPED)
VQModObject::parseMods - Could not resolve path for [catalog/language/turkish/turkish.php] (SKIPPED)
VQModObject::parseMods - Could not resolve path for [catalog/language/turkish/common/header.php] (SKIPPED)
VQModObject::parseMods - Could not resolve path for [catalog/language/turkish/common/footer.php] (SKIPPED)
VQModObject::parseMods - Could not resolve path for [catalog/language/turkish/product/compare.php] (SKIPPED)
VQModObject::parseMods - Could not resolve path for [catalog/language/turkish/product/manufacturer.php] (SKIPPED)
VQModObject::parseMods - Could not resolve path for [catalog/language/turkish/product/category.php] (SKIPPED)
VQModObject::parseMods - Could not resolve path for [catalog/language/turkish/product/search.php] (SKIPPED)
VQModObject::parseMods - Could not resolve path for [catalog/language/turkish/product/product.php] (SKIPPED)

----------------------------------------------------------------------


---------- Date: 2014-06-07 09:08:46 ~ IP : 192.168.1.109 ----------
REQUEST URI : /open_cart/vigo/admin/index.php?route=setting/store&amp;token=2f88db88afcb767a475fc26f63110981
MOD DETAILS:
   modFile   : C:\wamp\www\open_cart\vigo\vqmod/xml/vigo_language.xml
   id        : mod
   version   : 1.1
   vqmver    : 2.1.7
   author    : OC2PS
VQModObject::parseMods - Could not resolve path for [catalog/language/hungarian/account/wishlist.php] (SKIPPED)
VQModObject::parseMods - Could not resolve path for [catalog/language/hungarian/account/address.php] (SKIPPED)
VQModObject::parseMods - Could not resolve path for [catalog/language/hungarian/account/edit.php] (SKIPPED)
VQModObject::parseMods - Could not resolve path for [catalog/language/hungarian/account/order.php] (SKIPPED)
VQModObject::parseMods - Could not resolve path for [catalog/language/hungarian/account/login.php] (SKIPPED)
VQModObject::parseMods - Could not resolve path for [catalog/language/hungarian/account/register.php] (SKIPPED)
VQModObject::parseMods - Could not resolve path for [catalog/language/hungarian/account/password.php] (SKIPPED)
VQModObject::parseMods - Could not resolve path for [catalog/language/hungarian/account/return.php] (SKIPPED)
VQModObject::parseMods - Could not resolve path for [catalog/language/hungarian/affiliate/payment.php] (SKIPPED)
VQModObject::parseMods - Could not resolve path for [catalog/language/hungarian/affiliate/tracking.php] (SKIPPED)
VQModObject::parseMods - Could not resolve path for [catalog/language/hungarian/affiliate/edit.php] (SKIPPED)
VQModObject::parseMods - Could not resolve path for [catalog/language/hungarian/affiliate/password.php] (SKIPPED)
VQModObject::parseMods - Could not resolve path for [catalog/language/hungarian/affiliate/login.php] (SKIPPED)
VQModObject::parseMods - Could not resolve path for [catalog/language/hungarian/checkout/checkout.php] (SKIPPED)
VQModObject::parseMods - Could not resolve path for [catalog/language/hungarian/hungarian.php] (SKIPPED)
VQModObject::parseMods - Could not resolve path for [catalog/language/hungarian/common/header.php] (SKIPPED)
VQModObject::parseMods - Could not resolve path for [catalog/language/hungarian/common/footer.php] (SKIPPED)
VQModObject::parseMods - Could not resolve path for [catalog/language/hungarian/product/compare.php] (SKIPPED)
VQModObject::parseMods - Could not resolve path for [catalog/language/hungarian/product/manufacturer.php] (SKIPPED)
VQModObject::parseMods - Could not resolve path for [catalog/language/hungarian/product/category.php] (SKIPPED)
VQModObject::parseMods - Could not resolve path for [catalog/language/hungarian/product/search.php] (SKIPPED)
VQModObject::parseMods - Could not resolve path for [catalog/language/hungarian/product/product.php] (SKIPPED)
VQModObject::parseMods - Could not resolve path for [catalog/language/turkish/account/wishlist.php] (SKIPPED)
VQModObject::parseMods - Could not resolve path for [catalog/language/turkish/account/address.php] (SKIPPED)
VQModObject::parseMods - Could not resolve path for [catalog/language/turkish/account/edit.php] (SKIPPED)
VQModObject::parseMods - Could not resolve path for [catalog/language/turkish/account/order.php] (SKIPPED)
VQModObject::parseMods - Could not resolve path for [catalog/language/turkish/account/login.php] (SKIPPED)
VQModObject::parseMods - Could not resolve path for [catalog/language/turkish/account/register.php] (SKIPPED)
VQModObject::parseMods - Could not resolve path for [catalog/language/turkish/account/password.php] (SKIPPED)
VQModObject::parseMods - Could not resolve path for [catalog/language/turkish/account/return.php] (SKIPPED)
VQModObject::parseMods - Could not resolve path for [catalog/language/turkish/affiliate/payment.php] (SKIPPED)
VQModObject::parseMods - Could not resolve path for [catalog/language/turkish/affiliate/tracking.php] (SKIPPED)
VQModObject::parseMods - Could not resolve path for [catalog/language/turkish/affiliate/edit.php] (SKIPPED)
VQModObject::parseMods - Could not resolve path for [catalog/language/turkish/affiliate/password.php] (SKIPPED)
VQModObject::parseMods - Could not resolve path for [catalog/language/turkish/affiliate/login.php] (SKIPPED)
VQModObject::parseMods - Could not resolve path for [catalog/language/turkish/checkout/checkout.php] (SKIPPED)
VQModObject::parseMods - Could not resolve path for [catalog/language/turkish/turkish.php] (SKIPPED)
VQModObject::parseMods - Could not resolve path for [catalog/language/turkish/common/header.php] (SKIPPED)
VQModObject::parseMods - Could not resolve path for [catalog/language/turkish/common/footer.php] (SKIPPED)
VQModObject::parseMods - Could not resolve path for [catalog/language/turkish/product/compare.php] (SKIPPED)
VQModObject::parseMods - Could not resolve path for [catalog/language/turkish/product/manufacturer.php] (SKIPPED)
VQModObject::parseMods - Could not resolve path for [catalog/language/turkish/product/category.php] (SKIPPED)
VQModObject::parseMods - Could not resolve path for [catalog/language/turkish/product/search.php] (SKIPPED)
VQModObject::parseMods - Could not resolve path for [catalog/language/turkish/product/product.php] (SKIPPED)

----------------------------------------------------------------------


---------- Date: 2014-06-07 09:25:36 ~ IP : 192.168.1.109 ----------
REQUEST URI : /open_cart/vigo/admin/index.php?route=module/pavblog/category&amp;token=2f88db88afcb767a475fc26f63110981
MOD DETAILS:
   modFile   : C:\wamp\www\open_cart\vigo\vqmod/xml/vigo_language.xml
   id        : mod
   version   : 1.1
   vqmver    : 2.1.7
   author    : OC2PS
VQModObject::parseMods - Could not resolve path for [catalog/language/hungarian/account/wishlist.php] (SKIPPED)
VQModObject::parseMods - Could not resolve path for [catalog/language/hungarian/account/address.php] (SKIPPED)
VQModObject::parseMods - Could not resolve path for [catalog/language/hungarian/account/edit.php] (SKIPPED)
VQModObject::parseMods - Could not resolve path for [catalog/language/hungarian/account/order.php] (SKIPPED)
VQModObject::parseMods - Could not resolve path for [catalog/language/hungarian/account/login.php] (SKIPPED)
VQModObject::parseMods - Could not resolve path for [catalog/language/hungarian/account/register.php] (SKIPPED)
VQModObject::parseMods - Could not resolve path for [catalog/language/hungarian/account/password.php] (SKIPPED)
VQModObject::parseMods - Could not resolve path for [catalog/language/hungarian/account/return.php] (SKIPPED)
VQModObject::parseMods - Could not resolve path for [catalog/language/hungarian/affiliate/payment.php] (SKIPPED)
VQModObject::parseMods - Could not resolve path for [catalog/language/hungarian/affiliate/tracking.php] (SKIPPED)
VQModObject::parseMods - Could not resolve path for [catalog/language/hungarian/affiliate/edit.php] (SKIPPED)
VQModObject::parseMods - Could not resolve path for [catalog/language/hungarian/affiliate/password.php] (SKIPPED)
VQModObject::parseMods - Could not resolve path for [catalog/language/hungarian/affiliate/login.php] (SKIPPED)
VQModObject::parseMods - Could not resolve path for [catalog/language/hungarian/checkout/checkout.php] (SKIPPED)
VQModObject::parseMods - Could not resolve path for [catalog/language/hungarian/hungarian.php] (SKIPPED)
VQModObject::parseMods - Could not resolve path for [catalog/language/hungarian/common/header.php] (SKIPPED)
VQModObject::parseMods - Could not resolve path for [catalog/language/hungarian/common/footer.php] (SKIPPED)
VQModObject::parseMods - Could not resolve path for [catalog/language/hungarian/product/compare.php] (SKIPPED)
VQModObject::parseMods - Could not resolve path for [catalog/language/hungarian/product/manufacturer.php] (SKIPPED)
VQModObject::parseMods - Could not resolve path for [catalog/language/hungarian/product/category.php] (SKIPPED)
VQModObject::parseMods - Could not resolve path for [catalog/language/hungarian/product/search.php] (SKIPPED)
VQModObject::parseMods - Could not resolve path for [catalog/language/hungarian/product/product.php] (SKIPPED)
VQModObject::parseMods - Could not resolve path for [catalog/language/turkish/account/wishlist.php] (SKIPPED)
VQModObject::parseMods - Could not resolve path for [catalog/language/turkish/account/address.php] (SKIPPED)
VQModObject::parseMods - Could not resolve path for [catalog/language/turkish/account/edit.php] (SKIPPED)
VQModObject::parseMods - Could not resolve path for [catalog/language/turkish/account/order.php] (SKIPPED)
VQModObject::parseMods - Could not resolve path for [catalog/language/turkish/account/login.php] (SKIPPED)
VQModObject::parseMods - Could not resolve path for [catalog/language/turkish/account/register.php] (SKIPPED)
VQModObject::parseMods - Could not resolve path for [catalog/language/turkish/account/password.php] (SKIPPED)
VQModObject::parseMods - Could not resolve path for [catalog/language/turkish/account/return.php] (SKIPPED)
VQModObject::parseMods - Could not resolve path for [catalog/language/turkish/affiliate/payment.php] (SKIPPED)
VQModObject::parseMods - Could not resolve path for [catalog/language/turkish/affiliate/tracking.php] (SKIPPED)
VQModObject::parseMods - Could not resolve path for [catalog/language/turkish/affiliate/edit.php] (SKIPPED)
VQModObject::parseMods - Could not resolve path for [catalog/language/turkish/affiliate/password.php] (SKIPPED)
VQModObject::parseMods - Could not resolve path for [catalog/language/turkish/affiliate/login.php] (SKIPPED)
VQModObject::parseMods - Could not resolve path for [catalog/language/turkish/checkout/checkout.php] (SKIPPED)
VQModObject::parseMods - Could not resolve path for [catalog/language/turkish/turkish.php] (SKIPPED)
VQModObject::parseMods - Could not resolve path for [catalog/language/turkish/common/header.php] (SKIPPED)
VQModObject::parseMods - Could not resolve path for [catalog/language/turkish/common/footer.php] (SKIPPED)
VQModObject::parseMods - Could not resolve path for [catalog/language/turkish/product/compare.php] (SKIPPED)
VQModObject::parseMods - Could not resolve path for [catalog/language/turkish/product/manufacturer.php] (SKIPPED)
VQModObject::parseMods - Could not resolve path for [catalog/language/turkish/product/category.php] (SKIPPED)
VQModObject::parseMods - Could not resolve path for [catalog/language/turkish/product/search.php] (SKIPPED)
VQModObject::parseMods - Could not resolve path for [catalog/language/turkish/product/product.php] (SKIPPED)

----------------------------------------------------------------------


---------- Date: 2014-06-07 09:30:09 ~ IP : 192.168.1.109 ----------
REQUEST URI : /open_cart/vigo/admin/index.php?route=module/pavblog/category&amp;token=2f88db88afcb767a475fc26f63110981
MOD DETAILS:
   modFile   : C:\wamp\www\open_cart\vigo\vqmod/xml/vigo_language.xml
   id        : mod
   version   : 1.1
   vqmver    : 2.1.7
   author    : OC2PS
VQModObject::parseMods - Could not resolve path for [catalog/language/hungarian/account/wishlist.php] (SKIPPED)
VQModObject::parseMods - Could not resolve path for [catalog/language/hungarian/account/address.php] (SKIPPED)
VQModObject::parseMods - Could not resolve path for [catalog/language/hungarian/account/edit.php] (SKIPPED)
VQModObject::parseMods - Could not resolve path for [catalog/language/hungarian/account/order.php] (SKIPPED)
VQModObject::parseMods - Could not resolve path for [catalog/language/hungarian/account/login.php] (SKIPPED)
VQModObject::parseMods - Could not resolve path for [catalog/language/hungarian/account/register.php] (SKIPPED)
VQModObject::parseMods - Could not resolve path for [catalog/language/hungarian/account/password.php] (SKIPPED)
VQModObject::parseMods - Could not resolve path for [catalog/language/hungarian/account/return.php] (SKIPPED)
VQModObject::parseMods - Could not resolve path for [catalog/language/hungarian/affiliate/payment.php] (SKIPPED)
VQModObject::parseMods - Could not resolve path for [catalog/language/hungarian/affiliate/tracking.php] (SKIPPED)
VQModObject::parseMods - Could not resolve path for [catalog/language/hungarian/affiliate/edit.php] (SKIPPED)
VQModObject::parseMods - Could not resolve path for [catalog/language/hungarian/affiliate/password.php] (SKIPPED)
VQModObject::parseMods - Could not resolve path for [catalog/language/hungarian/affiliate/login.php] (SKIPPED)
VQModObject::parseMods - Could not resolve path for [catalog/language/hungarian/checkout/checkout.php] (SKIPPED)
VQModObject::parseMods - Could not resolve path for [catalog/language/hungarian/hungarian.php] (SKIPPED)
VQModObject::parseMods - Could not resolve path for [catalog/language/hungarian/common/header.php] (SKIPPED)
VQModObject::parseMods - Could not resolve path for [catalog/language/hungarian/common/footer.php] (SKIPPED)
VQModObject::parseMods - Could not resolve path for [catalog/language/hungarian/product/compare.php] (SKIPPED)
VQModObject::parseMods - Could not resolve path for [catalog/language/hungarian/product/manufacturer.php] (SKIPPED)
VQModObject::parseMods - Could not resolve path for [catalog/language/hungarian/product/category.php] (SKIPPED)
VQModObject::parseMods - Could not resolve path for [catalog/language/hungarian/product/search.php] (SKIPPED)
VQModObject::parseMods - Could not resolve path for [catalog/language/hungarian/product/product.php] (SKIPPED)
VQModObject::parseMods - Could not resolve path for [catalog/language/turkish/account/wishlist.php] (SKIPPED)
VQModObject::parseMods - Could not resolve path for [catalog/language/turkish/account/address.php] (SKIPPED)
VQModObject::parseMods - Could not resolve path for [catalog/language/turkish/account/edit.php] (SKIPPED)
VQModObject::parseMods - Could not resolve path for [catalog/language/turkish/account/order.php] (SKIPPED)
VQModObject::parseMods - Could not resolve path for [catalog/language/turkish/account/login.php] (SKIPPED)
VQModObject::parseMods - Could not resolve path for [catalog/language/turkish/account/register.php] (SKIPPED)
VQModObject::parseMods - Could not resolve path for [catalog/language/turkish/account/password.php] (SKIPPED)
VQModObject::parseMods - Could not resolve path for [catalog/language/turkish/account/return.php] (SKIPPED)
VQModObject::parseMods - Could not resolve path for [catalog/language/turkish/affiliate/payment.php] (SKIPPED)
VQModObject::parseMods - Could not resolve path for [catalog/language/turkish/affiliate/tracking.php] (SKIPPED)
VQModObject::parseMods - Could not resolve path for [catalog/language/turkish/affiliate/edit.php] (SKIPPED)
VQModObject::parseMods - Could not resolve path for [catalog/language/turkish/affiliate/password.php] (SKIPPED)
VQModObject::parseMods - Could not resolve path for [catalog/language/turkish/affiliate/login.php] (SKIPPED)
VQModObject::parseMods - Could not resolve path for [catalog/language/turkish/checkout/checkout.php] (SKIPPED)
VQModObject::parseMods - Could not resolve path for [catalog/language/turkish/turkish.php] (SKIPPED)
VQModObject::parseMods - Could not resolve path for [catalog/language/turkish/common/header.php] (SKIPPED)
VQModObject::parseMods - Could not resolve path for [catalog/language/turkish/common/footer.php] (SKIPPED)
VQModObject::parseMods - Could not resolve path for [catalog/language/turkish/product/compare.php] (SKIPPED)
VQModObject::parseMods - Could not resolve path for [catalog/language/turkish/product/manufacturer.php] (SKIPPED)
VQModObject::parseMods - Could not resolve path for [catalog/language/turkish/product/category.php] (SKIPPED)
VQModObject::parseMods - Could not resolve path for [catalog/language/turkish/product/search.php] (SKIPPED)
VQModObject::parseMods - Could not resolve path for [catalog/language/turkish/product/product.php] (SKIPPED)

MOD DETAILS:
   modFile   : C:\wamp\www\open_cart\vigo\vqmod/xml/vqmm_pav_blogs_menu_shortcut.xml
   id        : VQMod Pavo Blogs Shortcut
   version   : 1.0.0
   vqmver    : 2.3.0
   author    : pavothemes.com
VQModObject::parseMods - Could not resolve path for [admin/language/hungarian/common/header.php] (SKIPPED)
VQModObject::parseMods - Could not resolve path for [admin/language/turkish/common/header.php] (SKIPPED)

----------------------------------------------------------------------


---------- Date: 2014-06-07 09:31:49 ~ IP : 192.168.1.109 ----------
REQUEST URI : /open_cart/vigo/admin/index.php?route=setting/store&amp;token=2f88db88afcb767a475fc26f63110981
MOD DETAILS:
   modFile   : C:\wamp\www\open_cart\vigo\vqmod/xml/vigo_language.xml
   id        : mod
   version   : 1.1
   vqmver    : 2.1.7
   author    : OC2PS
VQModObject::parseMods - Could not resolve path for [catalog/language/hungarian/account/wishlist.php] (SKIPPED)
VQModObject::parseMods - Could not resolve path for [catalog/language/hungarian/account/address.php] (SKIPPED)
VQModObject::parseMods - Could not resolve path for [catalog/language/hungarian/account/edit.php] (SKIPPED)
VQModObject::parseMods - Could not resolve path for [catalog/language/hungarian/account/order.php] (SKIPPED)
VQModObject::parseMods - Could not resolve path for [catalog/language/hungarian/account/login.php] (SKIPPED)
VQModObject::parseMods - Could not resolve path for [catalog/language/hungarian/account/register.php] (SKIPPED)
VQModObject::parseMods - Could not resolve path for [catalog/language/hungarian/account/password.php] (SKIPPED)
VQModObject::parseMods - Could not resolve path for [catalog/language/hungarian/account/return.php] (SKIPPED)
VQModObject::parseMods - Could not resolve path for [catalog/language/hungarian/affiliate/payment.php] (SKIPPED)
VQModObject::parseMods - Could not resolve path for [catalog/language/hungarian/affiliate/tracking.php] (SKIPPED)
VQModObject::parseMods - Could not resolve path for [catalog/language/hungarian/affiliate/edit.php] (SKIPPED)
VQModObject::parseMods - Could not resolve path for [catalog/language/hungarian/affiliate/password.php] (SKIPPED)
VQModObject::parseMods - Could not resolve path for [catalog/language/hungarian/affiliate/login.php] (SKIPPED)
VQModObject::parseMods - Could not resolve path for [catalog/language/hungarian/checkout/checkout.php] (SKIPPED)
VQModObject::parseMods - Could not resolve path for [catalog/language/hungarian/hungarian.php] (SKIPPED)
VQModObject::parseMods - Could not resolve path for [catalog/language/hungarian/common/header.php] (SKIPPED)
VQModObject::parseMods - Could not resolve path for [catalog/language/hungarian/common/footer.php] (SKIPPED)
VQModObject::parseMods - Could not resolve path for [catalog/language/hungarian/product/compare.php] (SKIPPED)
VQModObject::parseMods - Could not resolve path for [catalog/language/hungarian/product/manufacturer.php] (SKIPPED)
VQModObject::parseMods - Could not resolve path for [catalog/language/hungarian/product/category.php] (SKIPPED)
VQModObject::parseMods - Could not resolve path for [catalog/language/hungarian/product/search.php] (SKIPPED)
VQModObject::parseMods - Could not resolve path for [catalog/language/hungarian/product/product.php] (SKIPPED)
VQModObject::parseMods - Could not resolve path for [catalog/language/turkish/account/wishlist.php] (SKIPPED)
VQModObject::parseMods - Could not resolve path for [catalog/language/turkish/account/address.php] (SKIPPED)
VQModObject::parseMods - Could not resolve path for [catalog/language/turkish/account/edit.php] (SKIPPED)
VQModObject::parseMods - Could not resolve path for [catalog/language/turkish/account/order.php] (SKIPPED)
VQModObject::parseMods - Could not resolve path for [catalog/language/turkish/account/login.php] (SKIPPED)
VQModObject::parseMods - Could not resolve path for [catalog/language/turkish/account/register.php] (SKIPPED)
VQModObject::parseMods - Could not resolve path for [catalog/language/turkish/account/password.php] (SKIPPED)
VQModObject::parseMods - Could not resolve path for [catalog/language/turkish/account/return.php] (SKIPPED)
VQModObject::parseMods - Could not resolve path for [catalog/language/turkish/affiliate/payment.php] (SKIPPED)
VQModObject::parseMods - Could not resolve path for [catalog/language/turkish/affiliate/tracking.php] (SKIPPED)
VQModObject::parseMods - Could not resolve path for [catalog/language/turkish/affiliate/edit.php] (SKIPPED)
VQModObject::parseMods - Could not resolve path for [catalog/language/turkish/affiliate/password.php] (SKIPPED)
VQModObject::parseMods - Could not resolve path for [catalog/language/turkish/affiliate/login.php] (SKIPPED)
VQModObject::parseMods - Could not resolve path for [catalog/language/turkish/checkout/checkout.php] (SKIPPED)
VQModObject::parseMods - Could not resolve path for [catalog/language/turkish/turkish.php] (SKIPPED)
VQModObject::parseMods - Could not resolve path for [catalog/language/turkish/common/header.php] (SKIPPED)
VQModObject::parseMods - Could not resolve path for [catalog/language/turkish/common/footer.php] (SKIPPED)
VQModObject::parseMods - Could not resolve path for [catalog/language/turkish/product/compare.php] (SKIPPED)
VQModObject::parseMods - Could not resolve path for [catalog/language/turkish/product/manufacturer.php] (SKIPPED)
VQModObject::parseMods - Could not resolve path for [catalog/language/turkish/product/category.php] (SKIPPED)
VQModObject::parseMods - Could not resolve path for [catalog/language/turkish/product/search.php] (SKIPPED)
VQModObject::parseMods - Could not resolve path for [catalog/language/turkish/product/product.php] (SKIPPED)

MOD DETAILS:
   modFile   : C:\wamp\www\open_cart\vigo\vqmod/xml/vqmm_pav_blogs_menu_shortcut.xml
   id        : VQMod Pavo Blogs Shortcut
   version   : 1.0.0
   vqmver    : 2.3.0
   author    : pavothemes.com
VQModObject::parseMods - Could not resolve path for [admin/language/hungarian/common/header.php] (SKIPPED)
VQModObject::parseMods - Could not resolve path for [admin/language/turkish/common/header.php] (SKIPPED)

----------------------------------------------------------------------


---------- Date: 2014-06-07 09:35:39 ~ IP : 192.168.1.109 ----------
REQUEST URI : /open_cart/vigo/admin/index.php?route=setting/setting&amp;token=2f88db88afcb767a475fc26f63110981
MOD DETAILS:
   modFile   : C:\wamp\www\open_cart\vigo\vqmod/xml/vigo_language.xml
   id        : mod
   version   : 1.1
   vqmver    : 2.1.7
   author    : OC2PS
VQModObject::parseMods - Could not resolve path for [catalog/language/hungarian/account/wishlist.php] (SKIPPED)
VQModObject::parseMods - Could not resolve path for [catalog/language/hungarian/account/address.php] (SKIPPED)
VQModObject::parseMods - Could not resolve path for [catalog/language/hungarian/account/edit.php] (SKIPPED)
VQModObject::parseMods - Could not resolve path for [catalog/language/hungarian/account/order.php] (SKIPPED)
VQModObject::parseMods - Could not resolve path for [catalog/language/hungarian/account/login.php] (SKIPPED)
VQModObject::parseMods - Could not resolve path for [catalog/language/hungarian/account/register.php] (SKIPPED)
VQModObject::parseMods - Could not resolve path for [catalog/language/hungarian/account/password.php] (SKIPPED)
VQModObject::parseMods - Could not resolve path for [catalog/language/hungarian/account/return.php] (SKIPPED)
VQModObject::parseMods - Could not resolve path for [catalog/language/hungarian/affiliate/payment.php] (SKIPPED)
VQModObject::parseMods - Could not resolve path for [catalog/language/hungarian/affiliate/tracking.php] (SKIPPED)
VQModObject::parseMods - Could not resolve path for [catalog/language/hungarian/affiliate/edit.php] (SKIPPED)
VQModObject::parseMods - Could not resolve path for [catalog/language/hungarian/affiliate/password.php] (SKIPPED)
VQModObject::parseMods - Could not resolve path for [catalog/language/hungarian/affiliate/login.php] (SKIPPED)
VQModObject::parseMods - Could not resolve path for [catalog/language/hungarian/checkout/checkout.php] (SKIPPED)
VQModObject::parseMods - Could not resolve path for [catalog/language/hungarian/hungarian.php] (SKIPPED)
VQModObject::parseMods - Could not resolve path for [catalog/language/hungarian/common/header.php] (SKIPPED)
VQModObject::parseMods - Could not resolve path for [catalog/language/hungarian/common/footer.php] (SKIPPED)
VQModObject::parseMods - Could not resolve path for [catalog/language/hungarian/product/compare.php] (SKIPPED)
VQModObject::parseMods - Could not resolve path for [catalog/language/hungarian/product/manufacturer.php] (SKIPPED)
VQModObject::parseMods - Could not resolve path for [catalog/language/hungarian/product/category.php] (SKIPPED)
VQModObject::parseMods - Could not resolve path for [catalog/language/hungarian/product/search.php] (SKIPPED)
VQModObject::parseMods - Could not resolve path for [catalog/language/hungarian/product/product.php] (SKIPPED)
VQModObject::parseMods - Could not resolve path for [catalog/language/turkish/account/wishlist.php] (SKIPPED)
VQModObject::parseMods - Could not resolve path for [catalog/language/turkish/account/address.php] (SKIPPED)
VQModObject::parseMods - Could not resolve path for [catalog/language/turkish/account/edit.php] (SKIPPED)
VQModObject::parseMods - Could not resolve path for [catalog/language/turkish/account/order.php] (SKIPPED)
VQModObject::parseMods - Could not resolve path for [catalog/language/turkish/account/login.php] (SKIPPED)
VQModObject::parseMods - Could not resolve path for [catalog/language/turkish/account/register.php] (SKIPPED)
VQModObject::parseMods - Could not resolve path for [catalog/language/turkish/account/password.php] (SKIPPED)
VQModObject::parseMods - Could not resolve path for [catalog/language/turkish/account/return.php] (SKIPPED)
VQModObject::parseMods - Could not resolve path for [catalog/language/turkish/affiliate/payment.php] (SKIPPED)
VQModObject::parseMods - Could not resolve path for [catalog/language/turkish/affiliate/tracking.php] (SKIPPED)
VQModObject::parseMods - Could not resolve path for [catalog/language/turkish/affiliate/edit.php] (SKIPPED)
VQModObject::parseMods - Could not resolve path for [catalog/language/turkish/affiliate/password.php] (SKIPPED)
VQModObject::parseMods - Could not resolve path for [catalog/language/turkish/affiliate/login.php] (SKIPPED)
VQModObject::parseMods - Could not resolve path for [catalog/language/turkish/checkout/checkout.php] (SKIPPED)
VQModObject::parseMods - Could not resolve path for [catalog/language/turkish/turkish.php] (SKIPPED)
VQModObject::parseMods - Could not resolve path for [catalog/language/turkish/common/header.php] (SKIPPED)
VQModObject::parseMods - Could not resolve path for [catalog/language/turkish/common/footer.php] (SKIPPED)
VQModObject::parseMods - Could not resolve path for [catalog/language/turkish/product/compare.php] (SKIPPED)
VQModObject::parseMods - Could not resolve path for [catalog/language/turkish/product/manufacturer.php] (SKIPPED)
VQModObject::parseMods - Could not resolve path for [catalog/language/turkish/product/category.php] (SKIPPED)
VQModObject::parseMods - Could not resolve path for [catalog/language/turkish/product/search.php] (SKIPPED)
VQModObject::parseMods - Could not resolve path for [catalog/language/turkish/product/product.php] (SKIPPED)

MOD DETAILS:
   modFile   : C:\wamp\www\open_cart\vigo\vqmod/xml/vqmm_pav_blogs_menu_shortcut.xml
   id        : VQMod Pavo Blogs Shortcut
   version   : 1.0.0
   vqmver    : 2.3.0
   author    : pavothemes.com
VQModObject::parseMods - Could not resolve path for [admin/language/hungarian/common/header.php] (SKIPPED)
VQModObject::parseMods - Could not resolve path for [admin/language/turkish/common/header.php] (SKIPPED)

----------------------------------------------------------------------


---------- Date: 2014-06-07 09:41:53 ~ IP : 192.168.1.109 ----------
REQUEST URI : /open_cart/vigo/admin/index.php?route=setting/setting&amp;token=2f88db88afcb767a475fc26f63110981
MOD DETAILS:
   modFile   : C:\wamp\www\open_cart\vigo\vqmod/xml/vigo_language.xml
   id        : mod
   version   : 1.1
   vqmver    : 2.1.7
   author    : OC2PS
VQModObject::parseMods - Could not resolve path for [catalog/language/hungarian/account/wishlist.php] (SKIPPED)
VQModObject::parseMods - Could not resolve path for [catalog/language/hungarian/account/address.php] (SKIPPED)
VQModObject::parseMods - Could not resolve path for [catalog/language/hungarian/account/edit.php] (SKIPPED)
VQModObject::parseMods - Could not resolve path for [catalog/language/hungarian/account/order.php] (SKIPPED)
VQModObject::parseMods - Could not resolve path for [catalog/language/hungarian/account/login.php] (SKIPPED)
VQModObject::parseMods - Could not resolve path for [catalog/language/hungarian/account/register.php] (SKIPPED)
VQModObject::parseMods - Could not resolve path for [catalog/language/hungarian/account/password.php] (SKIPPED)
VQModObject::parseMods - Could not resolve path for [catalog/language/hungarian/account/return.php] (SKIPPED)
VQModObject::parseMods - Could not resolve path for [catalog/language/hungarian/affiliate/payment.php] (SKIPPED)
VQModObject::parseMods - Could not resolve path for [catalog/language/hungarian/affiliate/tracking.php] (SKIPPED)
VQModObject::parseMods - Could not resolve path for [catalog/language/hungarian/affiliate/edit.php] (SKIPPED)
VQModObject::parseMods - Could not resolve path for [catalog/language/hungarian/affiliate/password.php] (SKIPPED)
VQModObject::parseMods - Could not resolve path for [catalog/language/hungarian/affiliate/login.php] (SKIPPED)
VQModObject::parseMods - Could not resolve path for [catalog/language/hungarian/checkout/checkout.php] (SKIPPED)
VQModObject::parseMods - Could not resolve path for [catalog/language/hungarian/hungarian.php] (SKIPPED)
VQModObject::parseMods - Could not resolve path for [catalog/language/hungarian/common/header.php] (SKIPPED)
VQModObject::parseMods - Could not resolve path for [catalog/language/hungarian/common/footer.php] (SKIPPED)
VQModObject::parseMods - Could not resolve path for [catalog/language/hungarian/product/compare.php] (SKIPPED)
VQModObject::parseMods - Could not resolve path for [catalog/language/hungarian/product/manufacturer.php] (SKIPPED)
VQModObject::parseMods - Could not resolve path for [catalog/language/hungarian/product/category.php] (SKIPPED)
VQModObject::parseMods - Could not resolve path for [catalog/language/hungarian/product/search.php] (SKIPPED)
VQModObject::parseMods - Could not resolve path for [catalog/language/hungarian/product/product.php] (SKIPPED)
VQModObject::parseMods - Could not resolve path for [catalog/language/turkish/account/wishlist.php] (SKIPPED)
VQModObject::parseMods - Could not resolve path for [catalog/language/turkish/account/address.php] (SKIPPED)
VQModObject::parseMods - Could not resolve path for [catalog/language/turkish/account/edit.php] (SKIPPED)
VQModObject::parseMods - Could not resolve path for [catalog/language/turkish/account/order.php] (SKIPPED)
VQModObject::parseMods - Could not resolve path for [catalog/language/turkish/account/login.php] (SKIPPED)
VQModObject::parseMods - Could not resolve path for [catalog/language/turkish/account/register.php] (SKIPPED)
VQModObject::parseMods - Could not resolve path for [catalog/language/turkish/account/password.php] (SKIPPED)
VQModObject::parseMods - Could not resolve path for [catalog/language/turkish/account/return.php] (SKIPPED)
VQModObject::parseMods - Could not resolve path for [catalog/language/turkish/affiliate/payment.php] (SKIPPED)
VQModObject::parseMods - Could not resolve path for [catalog/language/turkish/affiliate/tracking.php] (SKIPPED)
VQModObject::parseMods - Could not resolve path for [catalog/language/turkish/affiliate/edit.php] (SKIPPED)
VQModObject::parseMods - Could not resolve path for [catalog/language/turkish/affiliate/password.php] (SKIPPED)
VQModObject::parseMods - Could not resolve path for [catalog/language/turkish/affiliate/login.php] (SKIPPED)
VQModObject::parseMods - Could not resolve path for [catalog/language/turkish/checkout/checkout.php] (SKIPPED)
VQModObject::parseMods - Could not resolve path for [catalog/language/turkish/turkish.php] (SKIPPED)
VQModObject::parseMods - Could not resolve path for [catalog/language/turkish/common/header.php] (SKIPPED)
VQModObject::parseMods - Could not resolve path for [catalog/language/turkish/common/footer.php] (SKIPPED)
VQModObject::parseMods - Could not resolve path for [catalog/language/turkish/product/compare.php] (SKIPPED)
VQModObject::parseMods - Could not resolve path for [catalog/language/turkish/product/manufacturer.php] (SKIPPED)
VQModObject::parseMods - Could not resolve path for [catalog/language/turkish/product/category.php] (SKIPPED)
VQModObject::parseMods - Could not resolve path for [catalog/language/turkish/product/search.php] (SKIPPED)
VQModObject::parseMods - Could not resolve path for [catalog/language/turkish/product/product.php] (SKIPPED)

MOD DETAILS:
   modFile   : C:\wamp\www\open_cart\vigo\vqmod/xml/vqmm_pav_blogs_menu_shortcut.xml
   id        : VQMod Pavo Blogs Shortcut
   version   : 1.0.0
   vqmver    : 2.3.0
   author    : pavothemes.com
VQModObject::parseMods - Could not resolve path for [admin/language/hungarian/common/header.php] (SKIPPED)
VQModObject::parseMods - Could not resolve path for [admin/language/turkish/common/header.php] (SKIPPED)

----------------------------------------------------------------------


---------- Date: 2014-06-07 09:48:36 ~ IP : 192.168.1.109 ----------
REQUEST URI : /open_cart/vigo/admin/index.php?route=setting/setting&amp;token=2f88db88afcb767a475fc26f63110981
MOD DETAILS:
   modFile   : C:\wamp\www\open_cart\vigo\vqmod/xml/vigo_language.xml
   id        : mod
   version   : 1.1
   vqmver    : 2.1.7
   author    : OC2PS
VQModObject::parseMods - Could not resolve path for [catalog/language/hungarian/account/wishlist.php] (SKIPPED)
VQModObject::parseMods - Could not resolve path for [catalog/language/hungarian/account/address.php] (SKIPPED)
VQModObject::parseMods - Could not resolve path for [catalog/language/hungarian/account/edit.php] (SKIPPED)
VQModObject::parseMods - Could not resolve path for [catalog/language/hungarian/account/order.php] (SKIPPED)
VQModObject::parseMods - Could not resolve path for [catalog/language/hungarian/account/login.php] (SKIPPED)
VQModObject::parseMods - Could not resolve path for [catalog/language/hungarian/account/register.php] (SKIPPED)
VQModObject::parseMods - Could not resolve path for [catalog/language/hungarian/account/password.php] (SKIPPED)
VQModObject::parseMods - Could not resolve path for [catalog/language/hungarian/account/return.php] (SKIPPED)
VQModObject::parseMods - Could not resolve path for [catalog/language/hungarian/affiliate/payment.php] (SKIPPED)
VQModObject::parseMods - Could not resolve path for [catalog/language/hungarian/affiliate/tracking.php] (SKIPPED)
VQModObject::parseMods - Could not resolve path for [catalog/language/hungarian/affiliate/edit.php] (SKIPPED)
VQModObject::parseMods - Could not resolve path for [catalog/language/hungarian/affiliate/password.php] (SKIPPED)
VQModObject::parseMods - Could not resolve path for [catalog/language/hungarian/affiliate/login.php] (SKIPPED)
VQModObject::parseMods - Could not resolve path for [catalog/language/hungarian/checkout/checkout.php] (SKIPPED)
VQModObject::parseMods - Could not resolve path for [catalog/language/hungarian/hungarian.php] (SKIPPED)
VQModObject::parseMods - Could not resolve path for [catalog/language/hungarian/common/header.php] (SKIPPED)
VQModObject::parseMods - Could not resolve path for [catalog/language/hungarian/common/footer.php] (SKIPPED)
VQModObject::parseMods - Could not resolve path for [catalog/language/hungarian/product/compare.php] (SKIPPED)
VQModObject::parseMods - Could not resolve path for [catalog/language/hungarian/product/manufacturer.php] (SKIPPED)
VQModObject::parseMods - Could not resolve path for [catalog/language/hungarian/product/category.php] (SKIPPED)
VQModObject::parseMods - Could not resolve path for [catalog/language/hungarian/product/search.php] (SKIPPED)
VQModObject::parseMods - Could not resolve path for [catalog/language/hungarian/product/product.php] (SKIPPED)
VQModObject::parseMods - Could not resolve path for [catalog/language/turkish/account/wishlist.php] (SKIPPED)
VQModObject::parseMods - Could not resolve path for [catalog/language/turkish/account/address.php] (SKIPPED)
VQModObject::parseMods - Could not resolve path for [catalog/language/turkish/account/edit.php] (SKIPPED)
VQModObject::parseMods - Could not resolve path for [catalog/language/turkish/account/order.php] (SKIPPED)
VQModObject::parseMods - Could not resolve path for [catalog/language/turkish/account/login.php] (SKIPPED)
VQModObject::parseMods - Could not resolve path for [catalog/language/turkish/account/register.php] (SKIPPED)
VQModObject::parseMods - Could not resolve path for [catalog/language/turkish/account/password.php] (SKIPPED)
VQModObject::parseMods - Could not resolve path for [catalog/language/turkish/account/return.php] (SKIPPED)
VQModObject::parseMods - Could not resolve path for [catalog/language/turkish/affiliate/payment.php] (SKIPPED)
VQModObject::parseMods - Could not resolve path for [catalog/language/turkish/affiliate/tracking.php] (SKIPPED)
VQModObject::parseMods - Could not resolve path for [catalog/language/turkish/affiliate/edit.php] (SKIPPED)
VQModObject::parseMods - Could not resolve path for [catalog/language/turkish/affiliate/password.php] (SKIPPED)
VQModObject::parseMods - Could not resolve path for [catalog/language/turkish/affiliate/login.php] (SKIPPED)
VQModObject::parseMods - Could not resolve path for [catalog/language/turkish/checkout/checkout.php] (SKIPPED)
VQModObject::parseMods - Could not resolve path for [catalog/language/turkish/turkish.php] (SKIPPED)
VQModObject::parseMods - Could not resolve path for [catalog/language/turkish/common/header.php] (SKIPPED)
VQModObject::parseMods - Could not resolve path for [catalog/language/turkish/common/footer.php] (SKIPPED)
VQModObject::parseMods - Could not resolve path for [catalog/language/turkish/product/compare.php] (SKIPPED)
VQModObject::parseMods - Could not resolve path for [catalog/language/turkish/product/manufacturer.php] (SKIPPED)
VQModObject::parseMods - Could not resolve path for [catalog/language/turkish/product/category.php] (SKIPPED)
VQModObject::parseMods - Could not resolve path for [catalog/language/turkish/product/search.php] (SKIPPED)
VQModObject::parseMods - Could not resolve path for [catalog/language/turkish/product/product.php] (SKIPPED)

----------------------------------------------------------------------


